<?xml version="1.0" encoding="utf-8"?>
<CoverageSession xmlns:xsd="http://www.w3.org/2001/XMLSchema" xmlns:xsi="http://www.w3.org/2001/XMLSchema-instance" Version="0.0.0.0">
  <Summary numSequencePoints="1517" visitedSequencePoints="1403" numBranchPoints="0" visitedBranchPoints="0" sequenceCoverage="92.49" branchCoverage="0.0" maxCyclomaticComplexity="0" minCyclomaticComplexity="0" maxCrapScore="0" minCrapScore="0" visitedClasses="74" numClasses="75" visitedMethods="169" numMethods="173" />
  <Modules>
    <Module>
      <Summary numSequencePoints="122" visitedSequencePoints="61" numBranchPoints="0" visitedBranchPoints="0" sequenceCoverage="50.00" branchCoverage="0.0" maxCyclomaticComplexity="0" minCyclomaticComplexity="0" maxCrapScore="0" minCrapScore="0" visitedClasses="1" numClasses="1" visitedMethods="6" numMethods="6" />
      <ModuleTime>0001-01-01T00:00:00</ModuleTime>
      <ModuleName>Assembly-CSharp-Editor-firstpass</ModuleName>
      <Files>
        <File uid="52" fullPath="D:/Projects/EngineeringThesis/Assets/Plugins/HierarchyIcons/Editor/FolderExtension.cs" />
        <File uid="53" fullPath="D:/Projects/EngineeringThesis/Assets/Plugins/HierarchyIcons/Editor/HierarchyIcons.cs" />
      </Files>
      <Classes>
        <Class>
          <Summary numSequencePoints="122" visitedSequencePoints="61" numBranchPoints="0" visitedBranchPoints="0" sequenceCoverage="50.00" branchCoverage="0.0" maxCyclomaticComplexity="0" minCyclomaticComplexity="0" maxCrapScore="0" minCrapScore="0" visitedClasses="1" numClasses="1" visitedMethods="6" numMethods="6" />
          <FullName>HierarchyIcons.Editor.HierarchyIcons</FullName>
          <Methods>
            <Method visited="true" cyclomaticComplexity="0" nPathComplexity="0" sequenceCoverage="100.0" branchCoverage="0" crapScore="0" isConstructor="false" isStatic="true" isGetter="false" isSetter="false">
              <Summary numSequencePoints="12" visitedSequencePoints="12" numBranchPoints="0" visitedBranchPoints="0" sequenceCoverage="100.0" branchCoverage="0" maxCyclomaticComplexity="0" minCyclomaticComplexity="0" maxCrapScore="0" minCrapScore="0" visitedClasses="0" numClasses="0" visitedMethods="1" numMethods="1" />
              <MetadataToken>100663306</MetadataToken>
              <Name>static System.Void HierarchyIcons.Editor.HierarchyIcons::HandleHierarchyWindowItemOnGUI(System.Int32, UnityEngine.Rect)</Name>
              <FileRef uid="53" />
              <SequencePoints>
                <SequencePoint vc="122" uspid="14947" ordinal="0" offset="0" sl="28" sc="9" el="28" ec="9" bec="0" bev="0" fileid="53" />
                <SequencePoint vc="122" uspid="14948" ordinal="0" offset="1" sl="29" sc="13" el="29" ec="13" bec="0" bev="0" fileid="53" />
                <SequencePoint vc="122" uspid="14949" ordinal="0" offset="8" sl="31" sc="13" el="31" ec="13" bec="0" bev="0" fileid="53" />
                <SequencePoint vc="61" uspid="14950" ordinal="0" offset="25" sl="32" sc="13" el="32" ec="13" bec="0" bev="0" fileid="53" />
                <SequencePoint vc="61" uspid="14951" ordinal="0" offset="26" sl="33" sc="17" el="33" ec="17" bec="0" bev="0" fileid="53" />
                <SequencePoint vc="61" uspid="14952" ordinal="0" offset="36" sl="34" sc="17" el="34" ec="17" bec="0" bev="0" fileid="53" />
                <SequencePoint vc="61" uspid="14953" ordinal="0" offset="43" sl="35" sc="13" el="35" ec="13" bec="0" bev="0" fileid="53" />
                <SequencePoint vc="122" uspid="14954" ordinal="0" offset="44" sl="37" sc="13" el="37" ec="13" bec="0" bev="0" fileid="53" />
                <SequencePoint vc="61" uspid="14955" ordinal="0" offset="61" sl="38" sc="13" el="38" ec="13" bec="0" bev="0" fileid="53" />
                <SequencePoint vc="61" uspid="14956" ordinal="0" offset="62" sl="39" sc="17" el="39" ec="17" bec="0" bev="0" fileid="53" />
                <SequencePoint vc="61" uspid="14957" ordinal="0" offset="70" sl="40" sc="13" el="40" ec="13" bec="0" bev="0" fileid="53" />
                <SequencePoint vc="122" uspid="14958" ordinal="0" offset="71" sl="41" sc="9" el="41" ec="9" bec="0" bev="0" fileid="53" />
              </SequencePoints>
              <BranchPoints />
            </Method>
            <Method visited="true" cyclomaticComplexity="0" nPathComplexity="0" sequenceCoverage="57.14" branchCoverage="0" crapScore="0" isConstructor="false" isStatic="true" isGetter="false" isSetter="false">
              <Summary numSequencePoints="14" visitedSequencePoints="8" numBranchPoints="0" visitedBranchPoints="0" sequenceCoverage="57.14" branchCoverage="0" maxCyclomaticComplexity="0" minCyclomaticComplexity="0" maxCrapScore="0" minCrapScore="0" visitedClasses="0" numClasses="0" visitedMethods="1" numMethods="1" />
              <MetadataToken>100663307</MetadataToken>
              <Name>static System.Void HierarchyIcons.Editor.HierarchyIcons::CheckFolders(UnityEngine.Object)</Name>
              <FileRef uid="53" />
              <SequencePoints>
                <SequencePoint vc="61" uspid="14959" ordinal="0" offset="0" sl="44" sc="9" el="44" ec="9" bec="0" bev="0" fileid="53" />
                <SequencePoint vc="61" uspid="14960" ordinal="0" offset="1" sl="45" sc="13" el="45" ec="13" bec="0" bev="0" fileid="53" />
                <SequencePoint vc="6" uspid="14961" ordinal="0" offset="12" sl="46" sc="13" el="46" ec="13" bec="0" bev="0" fileid="53" />
                <SequencePoint vc="6" uspid="14962" ordinal="0" offset="13" sl="47" sc="17" el="47" ec="17" bec="0" bev="0" fileid="53" />
                <SequencePoint vc="6" uspid="14963" ordinal="0" offset="20" sl="48" sc="17" el="48" ec="17" bec="0" bev="0" fileid="53" />
                <SequencePoint vc="6" uspid="14964" ordinal="0" offset="32" sl="49" sc="17" el="49" ec="17" bec="0" bev="0" fileid="53" />
                <SequencePoint vc="0" uspid="14965" ordinal="0" offset="59" sl="50" sc="17" el="50" ec="17" bec="0" bev="0" fileid="53" />
                <SequencePoint vc="0" uspid="14966" ordinal="0" offset="60" sl="51" sc="21" el="51" ec="21" bec="0" bev="0" fileid="53" />
                <SequencePoint vc="0" uspid="14967" ordinal="0" offset="80" sl="52" sc="21" el="52" ec="21" bec="0" bev="0" fileid="53" />
                <SequencePoint vc="0" uspid="14968" ordinal="0" offset="81" sl="53" sc="25" el="53" ec="25" bec="0" bev="0" fileid="53" />
                <SequencePoint vc="0" uspid="14969" ordinal="0" offset="94" sl="54" sc="21" el="54" ec="21" bec="0" bev="0" fileid="53" />
                <SequencePoint vc="0" uspid="14970" ordinal="0" offset="95" sl="55" sc="17" el="55" ec="17" bec="0" bev="0" fileid="53" />
                <SequencePoint vc="6" uspid="14971" ordinal="0" offset="96" sl="56" sc="13" el="56" ec="13" bec="0" bev="0" fileid="53" />
                <SequencePoint vc="61" uspid="14972" ordinal="0" offset="97" sl="57" sc="9" el="57" ec="9" bec="0" bev="0" fileid="53" />
              </SequencePoints>
              <BranchPoints />
            </Method>
            <Method visited="true" cyclomaticComplexity="0" nPathComplexity="0" sequenceCoverage="50.00" branchCoverage="0" crapScore="0" isConstructor="false" isStatic="true" isGetter="false" isSetter="false">
              <Summary numSequencePoints="42" visitedSequencePoints="21" numBranchPoints="0" visitedBranchPoints="0" sequenceCoverage="50.00" branchCoverage="0" maxCyclomaticComplexity="0" minCyclomaticComplexity="0" maxCrapScore="0" minCrapScore="0" visitedClasses="0" numClasses="0" visitedMethods="1" numMethods="1" />
              <MetadataToken>100663308</MetadataToken>
              <Name>static System.Void HierarchyIcons.Editor.HierarchyIcons::Repaint(UnityEngine.Object, UnityEngine.Rect)</Name>
              <FileRef uid="53" />
              <SequencePoints>
                <SequencePoint vc="61" uspid="14973" ordinal="0" offset="0" sl="60" sc="9" el="60" ec="9" bec="0" bev="0" fileid="53" />
                <SequencePoint vc="61" uspid="14974" ordinal="0" offset="1" sl="61" sc="13" el="61" ec="13" bec="0" bev="0" fileid="53" />
                <SequencePoint vc="61" uspid="14975" ordinal="0" offset="13" sl="62" sc="13" el="62" ec="13" bec="0" bev="0" fileid="53" />
                <SequencePoint vc="61" uspid="14976" ordinal="0" offset="14" sl="63" sc="17" el="63" ec="17" bec="0" bev="0" fileid="53" />
                <SequencePoint vc="6" uspid="14977" ordinal="0" offset="28" sl="64" sc="17" el="64" ec="17" bec="0" bev="0" fileid="53" />
                <SequencePoint vc="6" uspid="14978" ordinal="0" offset="29" sl="65" sc="21" el="65" ec="21" bec="0" bev="0" fileid="53" />
                <SequencePoint vc="6" uspid="14979" ordinal="0" offset="36" sl="66" sc="21" el="66" ec="21" bec="0" bev="0" fileid="53" />
                <SequencePoint vc="6" uspid="14980" ordinal="0" offset="60" sl="68" sc="21" el="68" ec="21" bec="0" bev="0" fileid="53" />
                <SequencePoint vc="6" uspid="14981" ordinal="0" offset="67" sl="69" sc="21" el="69" ec="21" bec="0" bev="0" fileid="53" />
                <SequencePoint vc="6" uspid="14982" ordinal="0" offset="70" sl="71" sc="21" el="71" ec="21" bec="0" bev="0" fileid="53" />
                <SequencePoint vc="6" uspid="14983" ordinal="0" offset="88" sl="73" sc="21" el="73" ec="21" bec="0" bev="0" fileid="53" />
                <SequencePoint vc="0" uspid="14984" ordinal="0" offset="105" sl="74" sc="21" el="74" ec="21" bec="0" bev="0" fileid="53" />
                <SequencePoint vc="0" uspid="14985" ordinal="0" offset="106" sl="75" sc="25" el="75" ec="25" bec="0" bev="0" fileid="53" />
                <SequencePoint vc="0" uspid="14986" ordinal="0" offset="114" sl="76" sc="25" el="76" ec="25" bec="0" bev="0" fileid="53" />
                <SequencePoint vc="0" uspid="14987" ordinal="0" offset="117" sl="77" sc="21" el="77" ec="21" bec="0" bev="0" fileid="53" />
                <SequencePoint vc="6" uspid="14988" ordinal="0" offset="123" sl="78" sc="26" el="78" ec="26" bec="0" bev="0" fileid="53" />
                <SequencePoint vc="0" uspid="14989" ordinal="0" offset="137" sl="79" sc="21" el="79" ec="21" bec="0" bev="0" fileid="53" />
                <SequencePoint vc="0" uspid="14990" ordinal="0" offset="138" sl="80" sc="25" el="80" ec="25" bec="0" bev="0" fileid="53" />
                <SequencePoint vc="0" uspid="14991" ordinal="0" offset="157" sl="81" sc="21" el="81" ec="21" bec="0" bev="0" fileid="53" />
                <SequencePoint vc="6" uspid="14992" ordinal="0" offset="163" sl="82" sc="26" el="82" ec="26" bec="0" bev="0" fileid="53" />
                <SequencePoint vc="0" uspid="14993" ordinal="0" offset="226" sl="83" sc="21" el="83" ec="21" bec="0" bev="0" fileid="53" />
                <SequencePoint vc="0" uspid="14994" ordinal="0" offset="227" sl="84" sc="25" el="84" ec="25" bec="0" bev="0" fileid="53" />
                <SequencePoint vc="0" uspid="14995" ordinal="0" offset="244" sl="85" sc="21" el="85" ec="21" bec="0" bev="0" fileid="53" />
                <SequencePoint vc="6" uspid="14996" ordinal="0" offset="247" sl="86" sc="26" el="86" ec="26" bec="0" bev="0" fileid="53" />
                <SequencePoint vc="0" uspid="14997" ordinal="0" offset="264" sl="87" sc="21" el="87" ec="21" bec="0" bev="0" fileid="53" />
                <SequencePoint vc="0" uspid="14998" ordinal="0" offset="265" sl="88" sc="25" el="88" ec="25" bec="0" bev="0" fileid="53" />
                <SequencePoint vc="0" uspid="14999" ordinal="0" offset="288" sl="89" sc="25" el="89" ec="25" bec="0" bev="0" fileid="53" />
                <SequencePoint vc="0" uspid="15000" ordinal="0" offset="322" sl="90" sc="25" el="90" ec="25" bec="0" bev="0" fileid="53" />
                <SequencePoint vc="0" uspid="15001" ordinal="0" offset="334" sl="91" sc="21" el="91" ec="21" bec="0" bev="0" fileid="53" />
                <SequencePoint vc="6" uspid="15002" ordinal="0" offset="337" sl="93" sc="21" el="93" ec="21" bec="0" bev="0" fileid="53" />
                <SequencePoint vc="6" uspid="15003" ordinal="0" offset="338" sl="94" sc="25" el="94" ec="25" bec="0" bev="0" fileid="53" />
                <SequencePoint vc="6" uspid="15004" ordinal="0" offset="346" sl="95" sc="21" el="95" ec="21" bec="0" bev="0" fileid="53" />
                <SequencePoint vc="6" uspid="15005" ordinal="0" offset="347" sl="97" sc="21" el="97" ec="21" bec="0" bev="0" fileid="53" />
                <SequencePoint vc="0" uspid="15006" ordinal="0" offset="393" sl="98" sc="21" el="98" ec="21" bec="0" bev="0" fileid="53" />
                <SequencePoint vc="0" uspid="15007" ordinal="0" offset="394" sl="99" sc="25" el="99" ec="25" bec="0" bev="0" fileid="53" />
                <SequencePoint vc="0" uspid="15008" ordinal="0" offset="416" sl="100" sc="25" el="100" ec="25" bec="0" bev="0" fileid="53" />
                <SequencePoint vc="0" uspid="15009" ordinal="0" offset="417" sl="101" sc="29" el="101" ec="29" bec="0" bev="0" fileid="53" />
                <SequencePoint vc="0" uspid="15010" ordinal="0" offset="424" sl="102" sc="25" el="102" ec="25" bec="0" bev="0" fileid="53" />
                <SequencePoint vc="0" uspid="15011" ordinal="0" offset="425" sl="103" sc="21" el="103" ec="21" bec="0" bev="0" fileid="53" />
                <SequencePoint vc="6" uspid="15012" ordinal="0" offset="426" sl="104" sc="17" el="104" ec="17" bec="0" bev="0" fileid="53" />
                <SequencePoint vc="61" uspid="15013" ordinal="0" offset="427" sl="105" sc="13" el="105" ec="13" bec="0" bev="0" fileid="53" />
                <SequencePoint vc="61" uspid="15014" ordinal="0" offset="428" sl="106" sc="9" el="106" ec="9" bec="0" bev="0" fileid="53" />
              </SequencePoints>
              <BranchPoints />
            </Method>
            <Method visited="true" cyclomaticComplexity="0" nPathComplexity="0" sequenceCoverage="31.03" branchCoverage="0" crapScore="0" isConstructor="false" isStatic="true" isGetter="false" isSetter="false">
              <Summary numSequencePoints="29" visitedSequencePoints="9" numBranchPoints="0" visitedBranchPoints="0" sequenceCoverage="31.03" branchCoverage="0" maxCyclomaticComplexity="0" minCyclomaticComplexity="0" maxCrapScore="0" minCrapScore="0" visitedClasses="0" numClasses="0" visitedMethods="1" numMethods="1" />
              <MetadataToken>100663310</MetadataToken>
              <Name>static System.Void HierarchyIcons.Editor.HierarchyIcons::RepaintComponent(UnityEngine.GameObject, UnityEngine.Rect)</Name>
              <FileRef uid="53" />
              <SequencePoints>
                <SequencePoint vc="6" uspid="15035" ordinal="0" offset="0" sl="136" sc="9" el="136" ec="9" bec="0" bev="0" fileid="53" />
                <SequencePoint vc="6" uspid="15036" ordinal="0" offset="1" sl="137" sc="18" el="137" ec="18" bec="0" bev="0" fileid="53" />
                <SequencePoint vc="180" uspid="15037" ordinal="0" offset="8" sl="138" sc="13" el="138" ec="13" bec="0" bev="0" fileid="53" />
                <SequencePoint vc="180" uspid="15038" ordinal="0" offset="9" sl="140" sc="17" el="140" ec="17" bec="0" bev="0" fileid="53" />
                <SequencePoint vc="180" uspid="15039" ordinal="0" offset="26" sl="141" sc="17" el="141" ec="17" bec="0" bev="0" fileid="53" />
                <SequencePoint vc="0" uspid="15040" ordinal="0" offset="45" sl="142" sc="17" el="142" ec="17" bec="0" bev="0" fileid="53" />
                <SequencePoint vc="0" uspid="15041" ordinal="0" offset="46" sl="143" sc="21" el="143" ec="21" bec="0" bev="0" fileid="53" />
                <SequencePoint vc="0" uspid="15042" ordinal="0" offset="69" sl="144" sc="21" el="144" ec="21" bec="0" bev="0" fileid="53" />
                <SequencePoint vc="0" uspid="15043" ordinal="0" offset="103" sl="145" sc="21" el="145" ec="21" bec="0" bev="0" fileid="53" />
                <SequencePoint vc="0" uspid="15044" ordinal="0" offset="137" sl="146" sc="21" el="146" ec="21" bec="0" bev="0" fileid="53" />
                <SequencePoint vc="0" uspid="15045" ordinal="0" offset="169" sl="147" sc="21" el="147" ec="21" bec="0" bev="0" fileid="53" />
                <SequencePoint vc="0" uspid="15046" ordinal="0" offset="189" sl="148" sc="21" el="148" ec="21" bec="0" bev="0" fileid="53" />
                <SequencePoint vc="0" uspid="15047" ordinal="0" offset="190" sl="149" sc="25" el="149" ec="25" bec="0" bev="0" fileid="53" />
                <SequencePoint vc="0" uspid="15048" ordinal="0" offset="198" sl="150" sc="25" el="150" ec="25" bec="0" bev="0" fileid="53" />
                <SequencePoint vc="0" uspid="15049" ordinal="0" offset="209" sl="151" sc="25" el="151" ec="25" bec="0" bev="0" fileid="53" />
                <SequencePoint vc="0" uspid="15050" ordinal="0" offset="210" sl="152" sc="29" el="152" ec="29" bec="0" bev="0" fileid="53" />
                <SequencePoint vc="0" uspid="15051" ordinal="0" offset="224" sl="153" sc="25" el="153" ec="25" bec="0" bev="0" fileid="53" />
                <SequencePoint vc="0" uspid="15052" ordinal="0" offset="227" sl="155" sc="25" el="155" ec="25" bec="0" bev="0" fileid="53" />
                <SequencePoint vc="0" uspid="15053" ordinal="0" offset="228" sl="156" sc="29" el="156" ec="29" bec="0" bev="0" fileid="53" />
                <SequencePoint vc="0" uspid="15054" ordinal="0" offset="245" sl="157" sc="29" el="157" ec="29" bec="0" bev="0" fileid="53" />
                <SequencePoint vc="0" uspid="15055" ordinal="0" offset="247" sl="159" sc="21" el="159" ec="21" bec="0" bev="0" fileid="53" />
                <SequencePoint vc="0" uspid="15056" ordinal="0" offset="250" sl="161" sc="21" el="161" ec="21" bec="0" bev="0" fileid="53" />
                <SequencePoint vc="0" uspid="15057" ordinal="0" offset="251" sl="162" sc="25" el="162" ec="25" bec="0" bev="0" fileid="53" />
                <SequencePoint vc="0" uspid="15058" ordinal="0" offset="269" sl="163" sc="21" el="163" ec="21" bec="0" bev="0" fileid="53" />
                <SequencePoint vc="0" uspid="15059" ordinal="0" offset="270" sl="165" sc="21" el="165" ec="21" bec="0" bev="0" fileid="53" />
                <SequencePoint vc="180" uspid="15060" ordinal="0" offset="272" sl="167" sc="13" el="167" ec="13" bec="0" bev="0" fileid="53" />
                <SequencePoint vc="180" uspid="15061" ordinal="0" offset="273" sl="137" sc="51" el="137" ec="51" bec="0" bev="0" fileid="53" />
                <SequencePoint vc="186" uspid="15062" ordinal="0" offset="277" sl="137" sc="29" el="137" ec="29" bec="0" bev="0" fileid="53" />
                <SequencePoint vc="6" uspid="15063" ordinal="0" offset="304" sl="169" sc="9" el="169" ec="9" bec="0" bev="0" fileid="53" />
              </SequencePoints>
              <BranchPoints />
            </Method>
            <Method visited="true" cyclomaticComplexity="0" nPathComplexity="0" sequenceCoverage="22.22" branchCoverage="0" crapScore="0" isConstructor="false" isStatic="true" isGetter="false" isSetter="false">
              <Summary numSequencePoints="18" visitedSequencePoints="4" numBranchPoints="0" visitedBranchPoints="0" sequenceCoverage="22.22" branchCoverage="0" maxCyclomaticComplexity="0" minCyclomaticComplexity="0" maxCrapScore="0" minCrapScore="0" visitedClasses="0" numClasses="0" visitedMethods="1" numMethods="1" />
              <MetadataToken>100663311</MetadataToken>
              <Name>static System.Boolean HierarchyIcons.Editor.HierarchyIcons::CreateSingleton()</Name>
              <FileRef uid="53" />
              <SequencePoints>
                <SequencePoint vc="61" uspid="15064" ordinal="0" offset="0" sl="172" sc="9" el="172" ec="9" bec="0" bev="0" fileid="53" />
                <SequencePoint vc="61" uspid="15065" ordinal="0" offset="1" sl="173" sc="13" el="173" ec="13" bec="0" bev="0" fileid="53" />
                <SequencePoint vc="0" uspid="15066" ordinal="0" offset="16" sl="174" sc="13" el="174" ec="13" bec="0" bev="0" fileid="53" />
                <SequencePoint vc="0" uspid="15067" ordinal="0" offset="17" sl="175" sc="17" el="175" ec="17" bec="0" bev="0" fileid="53" />
                <SequencePoint vc="0" uspid="15068" ordinal="0" offset="28" sl="176" sc="17" el="176" ec="17" bec="0" bev="0" fileid="53" />
                <SequencePoint vc="0" uspid="15069" ordinal="0" offset="37" sl="177" sc="17" el="177" ec="17" bec="0" bev="0" fileid="53" />
                <SequencePoint vc="0" uspid="15070" ordinal="0" offset="38" sl="178" sc="21" el="178" ec="21" bec="0" bev="0" fileid="53" />
                <SequencePoint vc="0" uspid="15071" ordinal="0" offset="47" sl="179" sc="21" el="179" ec="21" bec="0" bev="0" fileid="53" />
                <SequencePoint vc="0" uspid="15072" ordinal="0" offset="58" sl="182" sc="21" el="182" ec="21" bec="0" bev="0" fileid="53" />
                <SequencePoint vc="0" uspid="15073" ordinal="0" offset="70" sl="183" sc="21" el="183" ec="21" bec="0" bev="0" fileid="53" />
                <SequencePoint vc="0" uspid="15074" ordinal="0" offset="82" sl="184" sc="21" el="184" ec="21" bec="0" bev="0" fileid="53" />
                <SequencePoint vc="0" uspid="15075" ordinal="0" offset="83" sl="185" sc="25" el="185" ec="25" bec="0" bev="0" fileid="53" />
                <SequencePoint vc="0" uspid="15076" ordinal="0" offset="99" sl="186" sc="25" el="186" ec="25" bec="0" bev="0" fileid="53" />
                <SequencePoint vc="0" uspid="15077" ordinal="0" offset="111" sl="187" sc="21" el="187" ec="21" bec="0" bev="0" fileid="53" />
                <SequencePoint vc="0" uspid="15078" ordinal="0" offset="112" sl="189" sc="17" el="189" ec="17" bec="0" bev="0" fileid="53" />
                <SequencePoint vc="0" uspid="15079" ordinal="0" offset="113" sl="190" sc="13" el="190" ec="13" bec="0" bev="0" fileid="53" />
                <SequencePoint vc="61" uspid="15080" ordinal="0" offset="114" sl="192" sc="13" el="192" ec="13" bec="0" bev="0" fileid="53" />
                <SequencePoint vc="61" uspid="15081" ordinal="0" offset="129" sl="193" sc="9" el="193" ec="9" bec="0" bev="0" fileid="53" />
              </SequencePoints>
              <BranchPoints />
            </Method>
            <Method visited="true" cyclomaticComplexity="0" nPathComplexity="0" sequenceCoverage="100.0" branchCoverage="0" crapScore="0" isConstructor="false" isStatic="true" isGetter="false" isSetter="false">
              <Summary numSequencePoints="7" visitedSequencePoints="7" numBranchPoints="0" visitedBranchPoints="0" sequenceCoverage="100.0" branchCoverage="0" maxCyclomaticComplexity="0" minCyclomaticComplexity="0" maxCrapScore="0" minCrapScore="0" visitedClasses="0" numClasses="0" visitedMethods="1" numMethods="1" />
              <MetadataToken>100663313</MetadataToken>
              <Name>static UnityEngine.Rect HierarchyIcons.Editor.HierarchyIcons::GetIconPos(UnityEngine.Rect)</Name>
              <FileRef uid="53" />
              <SequencePoints>
                <SequencePoint vc="6" uspid="15093" ordinal="0" offset="0" sl="216" sc="9" el="216" ec="9" bec="0" bev="0" fileid="53" />
                <SequencePoint vc="6" uspid="15094" ordinal="0" offset="1" sl="217" sc="13" el="217" ec="13" bec="0" bev="0" fileid="53" />
                <SequencePoint vc="6" uspid="15095" ordinal="0" offset="3" sl="218" sc="13" el="218" ec="13" bec="0" bev="0" fileid="53" />
                <SequencePoint vc="6" uspid="15096" ordinal="0" offset="45" sl="219" sc="13" el="219" ec="13" bec="0" bev="0" fileid="53" />
                <SequencePoint vc="6" uspid="15097" ordinal="0" offset="79" sl="220" sc="13" el="220" ec="13" bec="0" bev="0" fileid="53" />
                <SequencePoint vc="6" uspid="15098" ordinal="0" offset="102" sl="222" sc="13" el="222" ec="13" bec="0" bev="0" fileid="53" />
                <SequencePoint vc="6" uspid="15099" ordinal="0" offset="106" sl="223" sc="9" el="223" ec="9" bec="0" bev="0" fileid="53" />
              </SequencePoints>
              <BranchPoints />
            </Method>
          </Methods>
        </Class>
      </Classes>
    </Module>
    <Module>
      <Summary numSequencePoints="444" visitedSequencePoints="416" numBranchPoints="0" visitedBranchPoints="0" sequenceCoverage="93.69" branchCoverage="0.0" maxCyclomaticComplexity="0" minCyclomaticComplexity="0" maxCrapScore="0" minCrapScore="0" visitedClasses="17" numClasses="17" visitedMethods="63" numMethods="63" />
      <ModuleTime>0001-01-01T00:00:00</ModuleTime>
      <ModuleName>Unity.TestTools.CodeCoverage.Sample.Asteroids</ModuleName>
      <Files>
        <File uid="63" fullPath="D:/Projects/EngineeringThesis/Assets/Samples/Code Coverage/1.2.4/Code Coverage Tutorial/Asteroids/Scripts/Animation/AnimatorDisabler.cs" />
        <File uid="64" fullPath="D:/Projects/EngineeringThesis/Assets/Samples/Code Coverage/1.2.4/Code Coverage Tutorial/Asteroids/Scripts/Controllers/AsteroidController.cs" />
        <File uid="65" fullPath="D:/Projects/EngineeringThesis/Assets/Samples/Code Coverage/1.2.4/Code Coverage Tutorial/Asteroids/Scripts/Controllers/DebrisController.cs" />
        <File uid="66" fullPath="D:/Projects/EngineeringThesis/Assets/Samples/Code Coverage/1.2.4/Code Coverage Tutorial/Asteroids/Scripts/Controllers/SpaceshipController.cs" />
        <File uid="67" fullPath="D:/Projects/EngineeringThesis/Assets/Samples/Code Coverage/1.2.4/Code Coverage Tutorial/Asteroids/Scripts/FX/EngineTrail.cs" />
        <File uid="68" fullPath="D:/Projects/EngineeringThesis/Assets/Samples/Code Coverage/1.2.4/Code Coverage Tutorial/Asteroids/Scripts/Managers/GameManager.cs" />
        <File uid="69" fullPath="D:/Projects/EngineeringThesis/Assets/Samples/Code Coverage/1.2.4/Code Coverage Tutorial/Asteroids/Scripts/UI/InGameMenuController.cs" />
        <File uid="70" fullPath="D:/Projects/EngineeringThesis/Assets/Samples/Code Coverage/1.2.4/Code Coverage Tutorial/Asteroids/Scripts/UI/LifeCounter.cs" />
        <File uid="71" fullPath="D:/Projects/EngineeringThesis/Assets/Samples/Code Coverage/1.2.4/Code Coverage Tutorial/Asteroids/Scripts/UI/ScoreCounter.cs" />
        <File uid="72" fullPath="D:/Projects/EngineeringThesis/Assets/Samples/Code Coverage/1.2.4/Code Coverage Tutorial/Asteroids/Scripts/Weapons/BaseProjectile.cs" />
        <File uid="73" fullPath="D:/Projects/EngineeringThesis/Assets/Samples/Code Coverage/1.2.4/Code Coverage Tutorial/Asteroids/Scripts/Weapons/LaserController.cs" />
        <File uid="74" fullPath="D:/Projects/EngineeringThesis/Assets/Samples/Code Coverage/1.2.4/Code Coverage Tutorial/Asteroids/Scripts/Weapons/ProjectileController.cs" />
      </Files>
      <Classes>
        <Class>
          <Summary numSequencePoints="4" visitedSequencePoints="4" numBranchPoints="0" visitedBranchPoints="0" sequenceCoverage="100.0" branchCoverage="0.0" maxCyclomaticComplexity="0" minCyclomaticComplexity="0" maxCrapScore="0" minCrapScore="0" visitedClasses="1" numClasses="1" visitedMethods="1" numMethods="1" />
          <FullName>AnimatorDisabler</FullName>
          <Methods>
            <Method visited="true" cyclomaticComplexity="0" nPathComplexity="0" sequenceCoverage="100.0" branchCoverage="0" crapScore="0" isConstructor="false" isStatic="false" isGetter="false" isSetter="false">
              <Summary numSequencePoints="4" visitedSequencePoints="4" numBranchPoints="0" visitedBranchPoints="0" sequenceCoverage="100.0" branchCoverage="0" maxCyclomaticComplexity="0" minCyclomaticComplexity="0" maxCrapScore="0" minCrapScore="0" visitedClasses="0" numClasses="0" visitedMethods="1" numMethods="1" />
              <MetadataToken>100663297</MetadataToken>
              <Name>System.Void AnimatorDisabler::OnStateExit(UnityEngine.Animator, UnityEngine.AnimatorStateInfo, System.Int32)</Name>
              <FileRef uid="63" />
              <SequencePoints>
                <SequencePoint vc="3" uspid="15237" ordinal="0" offset="0" sl="7" sc="5" el="7" ec="5" bec="0" bev="0" fileid="63" />
                <SequencePoint vc="3" uspid="15238" ordinal="0" offset="1" sl="8" sc="9" el="8" ec="9" bec="0" bev="0" fileid="63" />
                <SequencePoint vc="3" uspid="15239" ordinal="0" offset="22" sl="9" sc="13" el="9" ec="13" bec="0" bev="0" fileid="63" />
                <SequencePoint vc="3" uspid="15240" ordinal="0" offset="30" sl="10" sc="5" el="10" ec="5" bec="0" bev="0" fileid="63" />
              </SequencePoints>
              <BranchPoints />
            </Method>
          </Methods>
        </Class>
        <Class>
          <Summary numSequencePoints="41" visitedSequencePoints="41" numBranchPoints="0" visitedBranchPoints="0" sequenceCoverage="100.0" branchCoverage="0.0" maxCyclomaticComplexity="0" minCyclomaticComplexity="0" maxCrapScore="0" minCrapScore="0" visitedClasses="1" numClasses="1" visitedMethods="9" numMethods="9" />
          <FullName>AsteroidController</FullName>
          <Methods>
            <Method visited="true" cyclomaticComplexity="0" nPathComplexity="0" sequenceCoverage="100.0" branchCoverage="0" crapScore="0" isConstructor="false" isStatic="false" isGetter="false" isSetter="false">
              <Summary numSequencePoints="3" visitedSequencePoints="3" numBranchPoints="0" visitedBranchPoints="0" sequenceCoverage="100.0" branchCoverage="0" maxCyclomaticComplexity="0" minCyclomaticComplexity="0" maxCrapScore="0" minCrapScore="0" visitedClasses="0" numClasses="0" visitedMethods="1" numMethods="1" />
              <MetadataToken>100663299</MetadataToken>
              <Name>System.Void AsteroidController::Start()</Name>
              <FileRef uid="64" />
              <SequencePoints>
                <SequencePoint vc="159" uspid="15241" ordinal="0" offset="0" sl="11" sc="5" el="11" ec="5" bec="0" bev="0" fileid="64" />
                <SequencePoint vc="159" uspid="15242" ordinal="0" offset="1" sl="12" sc="9" el="12" ec="9" bec="0" bev="0" fileid="64" />
                <SequencePoint vc="159" uspid="15243" ordinal="0" offset="18" sl="13" sc="5" el="13" ec="5" bec="0" bev="0" fileid="64" />
              </SequencePoints>
              <BranchPoints />
            </Method>
            <Method visited="true" cyclomaticComplexity="0" nPathComplexity="0" sequenceCoverage="100.0" branchCoverage="0" crapScore="0" isConstructor="false" isStatic="false" isGetter="false" isSetter="false">
              <Summary numSequencePoints="4" visitedSequencePoints="4" numBranchPoints="0" visitedBranchPoints="0" sequenceCoverage="100.0" branchCoverage="0" maxCyclomaticComplexity="0" minCyclomaticComplexity="0" maxCrapScore="0" minCrapScore="0" visitedClasses="0" numClasses="0" visitedMethods="1" numMethods="1" />
              <MetadataToken>100663300</MetadataToken>
              <Name>System.Void AsteroidController::Update()</Name>
              <FileRef uid="64" />
              <SequencePoints>
                <SequencePoint vc="4319" uspid="15244" ordinal="0" offset="0" sl="16" sc="5" el="16" ec="5" bec="0" bev="0" fileid="64" />
                <SequencePoint vc="4319" uspid="15245" ordinal="0" offset="1" sl="17" sc="9" el="17" ec="9" bec="0" bev="0" fileid="64" />
                <SequencePoint vc="4298" uspid="15246" ordinal="0" offset="13" sl="18" sc="13" el="18" ec="13" bec="0" bev="0" fileid="64" />
                <SequencePoint vc="4319" uspid="15247" ordinal="0" offset="20" sl="19" sc="5" el="19" ec="5" bec="0" bev="0" fileid="64" />
              </SequencePoints>
              <BranchPoints />
            </Method>
            <Method visited="true" cyclomaticComplexity="0" nPathComplexity="0" sequenceCoverage="100.0" branchCoverage="0" crapScore="0" isConstructor="false" isStatic="false" isGetter="false" isSetter="false">
              <Summary numSequencePoints="5" visitedSequencePoints="5" numBranchPoints="0" visitedBranchPoints="0" sequenceCoverage="100.0" branchCoverage="0" maxCyclomaticComplexity="0" minCyclomaticComplexity="0" maxCrapScore="0" minCrapScore="0" visitedClasses="0" numClasses="0" visitedMethods="1" numMethods="1" />
              <MetadataToken>100663301</MetadataToken>
              <Name>System.Void AsteroidController::Move()</Name>
              <FileRef uid="64" />
              <SequencePoints>
                <SequencePoint vc="4299" uspid="15248" ordinal="0" offset="0" sl="22" sc="5" el="22" ec="5" bec="0" bev="0" fileid="64" />
                <SequencePoint vc="4299" uspid="15249" ordinal="0" offset="1" sl="23" sc="9" el="23" ec="9" bec="0" bev="0" fileid="64" />
                <SequencePoint vc="4299" uspid="15250" ordinal="0" offset="76" sl="24" sc="9" el="24" ec="9" bec="0" bev="0" fileid="64" />
                <SequencePoint vc="1" uspid="15251" ordinal="0" offset="113" sl="25" sc="13" el="25" ec="13" bec="0" bev="0" fileid="64" />
                <SequencePoint vc="4299" uspid="15252" ordinal="0" offset="125" sl="26" sc="5" el="26" ec="5" bec="0" bev="0" fileid="64" />
              </SequencePoints>
              <BranchPoints />
            </Method>
            <Method visited="true" cyclomaticComplexity="0" nPathComplexity="0" sequenceCoverage="100.0" branchCoverage="0" crapScore="0" isConstructor="false" isStatic="false" isGetter="false" isSetter="false">
              <Summary numSequencePoints="14" visitedSequencePoints="14" numBranchPoints="0" visitedBranchPoints="0" sequenceCoverage="100.0" branchCoverage="0" maxCyclomaticComplexity="0" minCyclomaticComplexity="0" maxCrapScore="0" minCrapScore="0" visitedClasses="0" numClasses="0" visitedMethods="1" numMethods="1" />
              <MetadataToken>100663302</MetadataToken>
              <Name>System.Void AsteroidController::Split()</Name>
              <FileRef uid="64" />
              <SequencePoints>
                <SequencePoint vc="28" uspid="15253" ordinal="0" offset="0" sl="29" sc="5" el="29" ec="5" bec="0" bev="0" fileid="64" />
                <SequencePoint vc="28" uspid="15254" ordinal="0" offset="1" sl="30" sc="9" el="30" ec="9" bec="0" bev="0" fileid="64" />
                <SequencePoint vc="20" uspid="15255" ordinal="0" offset="14" sl="31" sc="14" el="31" ec="14" bec="0" bev="0" fileid="64" />
                <SequencePoint vc="40" uspid="15256" ordinal="0" offset="18" sl="32" sc="9" el="32" ec="9" bec="0" bev="0" fileid="64" />
                <SequencePoint vc="40" uspid="15257" ordinal="0" offset="19" sl="33" sc="13" el="33" ec="13" bec="0" bev="0" fileid="64" />
                <SequencePoint vc="40" uspid="15258" ordinal="0" offset="52" sl="34" sc="13" el="34" ec="13" bec="0" bev="0" fileid="64" />
                <SequencePoint vc="40" uspid="15259" ordinal="0" offset="67" sl="35" sc="13" el="35" ec="13" bec="0" bev="0" fileid="64" />
                <SequencePoint vc="40" uspid="15260" ordinal="0" offset="109" sl="36" sc="9" el="36" ec="9" bec="0" bev="0" fileid="64" />
                <SequencePoint vc="40" uspid="15261" ordinal="0" offset="110" sl="31" sc="32" el="31" ec="32" bec="0" bev="0" fileid="64" />
                <SequencePoint vc="60" uspid="15262" ordinal="0" offset="114" sl="31" sc="25" el="31" ec="25" bec="0" bev="0" fileid="64" />
                <SequencePoint vc="28" uspid="15263" ordinal="0" offset="122" sl="37" sc="9" el="37" ec="9" bec="0" bev="0" fileid="64" />
                <SequencePoint vc="28" uspid="15264" ordinal="0" offset="134" sl="38" sc="9" el="38" ec="9" bec="0" bev="0" fileid="64" />
                <SequencePoint vc="28" uspid="15265" ordinal="0" offset="195" sl="39" sc="9" el="39" ec="9" bec="0" bev="0" fileid="64" />
                <SequencePoint vc="28" uspid="15266" ordinal="0" offset="207" sl="40" sc="5" el="40" ec="5" bec="0" bev="0" fileid="64" />
              </SequencePoints>
              <BranchPoints />
            </Method>
            <Method visited="true" cyclomaticComplexity="0" nPathComplexity="0" sequenceCoverage="100.0" branchCoverage="0" crapScore="0" isConstructor="false" isStatic="false" isGetter="false" isSetter="false">
              <Summary numSequencePoints="4" visitedSequencePoints="4" numBranchPoints="0" visitedBranchPoints="0" sequenceCoverage="100.0" branchCoverage="0" maxCyclomaticComplexity="0" minCyclomaticComplexity="0" maxCrapScore="0" minCrapScore="0" visitedClasses="0" numClasses="0" visitedMethods="1" numMethods="1" />
              <MetadataToken>100663303</MetadataToken>
              <Name>System.Void AsteroidController::SetSplitCount(System.Int32)</Name>
              <FileRef uid="64" />
              <SequencePoints>
                <SequencePoint vc="244" uspid="15267" ordinal="0" offset="0" sl="43" sc="5" el="43" ec="5" bec="0" bev="0" fileid="64" />
                <SequencePoint vc="244" uspid="15268" ordinal="0" offset="1" sl="44" sc="9" el="44" ec="9" bec="0" bev="0" fileid="64" />
                <SequencePoint vc="244" uspid="15269" ordinal="0" offset="8" sl="45" sc="9" el="45" ec="9" bec="0" bev="0" fileid="64" />
                <SequencePoint vc="244" uspid="15270" ordinal="0" offset="62" sl="46" sc="5" el="46" ec="5" bec="0" bev="0" fileid="64" />
              </SequencePoints>
              <BranchPoints />
            </Method>
            <Method visited="true" cyclomaticComplexity="0" nPathComplexity="0" sequenceCoverage="100.0" branchCoverage="0" crapScore="0" isConstructor="false" isStatic="false" isGetter="false" isSetter="false">
              <Summary numSequencePoints="3" visitedSequencePoints="3" numBranchPoints="0" visitedBranchPoints="0" sequenceCoverage="100.0" branchCoverage="0" maxCyclomaticComplexity="0" minCyclomaticComplexity="0" maxCrapScore="0" minCrapScore="0" visitedClasses="0" numClasses="0" visitedMethods="1" numMethods="1" />
              <MetadataToken>100663304</MetadataToken>
              <Name>System.Int32 AsteroidController::GetSplitCount()</Name>
              <FileRef uid="64" />
              <SequencePoints>
                <SequencePoint vc="9" uspid="15271" ordinal="0" offset="0" sl="49" sc="5" el="49" ec="5" bec="0" bev="0" fileid="64" />
                <SequencePoint vc="9" uspid="15272" ordinal="0" offset="1" sl="50" sc="9" el="50" ec="9" bec="0" bev="0" fileid="64" />
                <SequencePoint vc="9" uspid="15273" ordinal="0" offset="10" sl="51" sc="5" el="51" ec="5" bec="0" bev="0" fileid="64" />
              </SequencePoints>
              <BranchPoints />
            </Method>
            <Method visited="true" cyclomaticComplexity="0" nPathComplexity="0" sequenceCoverage="100.0" branchCoverage="0" crapScore="0" isConstructor="false" isStatic="false" isGetter="false" isSetter="false">
              <Summary numSequencePoints="3" visitedSequencePoints="3" numBranchPoints="0" visitedBranchPoints="0" sequenceCoverage="100.0" branchCoverage="0" maxCyclomaticComplexity="0" minCyclomaticComplexity="0" maxCrapScore="0" minCrapScore="0" visitedClasses="0" numClasses="0" visitedMethods="1" numMethods="1" />
              <MetadataToken>100663305</MetadataToken>
              <Name>System.Void AsteroidController::SetDirection(UnityEngine.Vector2)</Name>
              <FileRef uid="64" />
              <SequencePoints>
                <SequencePoint vc="143" uspid="15274" ordinal="0" offset="0" sl="54" sc="5" el="54" ec="5" bec="0" bev="0" fileid="64" />
                <SequencePoint vc="143" uspid="15275" ordinal="0" offset="1" sl="55" sc="9" el="55" ec="9" bec="0" bev="0" fileid="64" />
                <SequencePoint vc="143" uspid="15276" ordinal="0" offset="37" sl="56" sc="5" el="56" ec="5" bec="0" bev="0" fileid="64" />
              </SequencePoints>
              <BranchPoints />
            </Method>
            <Method visited="true" cyclomaticComplexity="0" nPathComplexity="0" sequenceCoverage="100.0" branchCoverage="0" crapScore="0" isConstructor="false" isStatic="false" isGetter="false" isSetter="false">
              <Summary numSequencePoints="3" visitedSequencePoints="3" numBranchPoints="0" visitedBranchPoints="0" sequenceCoverage="100.0" branchCoverage="0" maxCyclomaticComplexity="0" minCyclomaticComplexity="0" maxCrapScore="0" minCrapScore="0" visitedClasses="0" numClasses="0" visitedMethods="1" numMethods="1" />
              <MetadataToken>100663306</MetadataToken>
              <Name>UnityEngine.Vector2 AsteroidController::GetDirection()</Name>
              <FileRef uid="64" />
              <SequencePoints>
                <SequencePoint vc="2" uspid="15277" ordinal="0" offset="0" sl="59" sc="5" el="59" ec="5" bec="0" bev="0" fileid="64" />
                <SequencePoint vc="2" uspid="15278" ordinal="0" offset="1" sl="60" sc="9" el="60" ec="9" bec="0" bev="0" fileid="64" />
                <SequencePoint vc="2" uspid="15279" ordinal="0" offset="10" sl="61" sc="5" el="61" ec="5" bec="0" bev="0" fileid="64" />
              </SequencePoints>
              <BranchPoints />
            </Method>
            <Method visited="true" cyclomaticComplexity="0" nPathComplexity="0" sequenceCoverage="100.0" branchCoverage="0" crapScore="0" isConstructor="true" isStatic="false" isGetter="false" isSetter="false">
              <Summary numSequencePoints="2" visitedSequencePoints="2" numBranchPoints="0" visitedBranchPoints="0" sequenceCoverage="100.0" branchCoverage="0" maxCyclomaticComplexity="0" minCyclomaticComplexity="0" maxCrapScore="0" minCrapScore="0" visitedClasses="0" numClasses="0" visitedMethods="1" numMethods="1" />
              <MetadataToken>100663307</MetadataToken>
              <Name>AsteroidController::AsteroidController()</Name>
              <FileRef uid="64" />
              <SequencePoints>
                <SequencePoint vc="268" uspid="15280" ordinal="0" offset="0" sl="7" sc="5" el="7" ec="5" bec="0" bev="0" fileid="64" />
                <SequencePoint vc="268" uspid="15281" ordinal="0" offset="7" sl="8" sc="5" el="8" ec="5" bec="0" bev="0" fileid="64" />
              </SequencePoints>
              <BranchPoints />
            </Method>
          </Methods>
        </Class>
        <Class>
          <Summary numSequencePoints="22" visitedSequencePoints="22" numBranchPoints="0" visitedBranchPoints="0" sequenceCoverage="100.0" branchCoverage="0.0" maxCyclomaticComplexity="0" minCyclomaticComplexity="0" maxCrapScore="0" minCrapScore="0" visitedClasses="1" numClasses="1" visitedMethods="2" numMethods="2" />
          <FullName>DebrisController</FullName>
          <Methods>
            <Method visited="true" cyclomaticComplexity="0" nPathComplexity="0" sequenceCoverage="100.0" branchCoverage="0" crapScore="0" isConstructor="false" isStatic="false" isGetter="false" isSetter="false">
              <Summary numSequencePoints="20" visitedSequencePoints="20" numBranchPoints="0" visitedBranchPoints="0" sequenceCoverage="100.0" branchCoverage="0" maxCyclomaticComplexity="0" minCyclomaticComplexity="0" maxCrapScore="0" minCrapScore="0" visitedClasses="0" numClasses="0" visitedMethods="1" numMethods="1" />
              <MetadataToken>100663308</MetadataToken>
              <Name>System.Void DebrisController::Start()</Name>
              <FileRef uid="65" />
              <SequencePoints>
                <SequencePoint vc="7" uspid="15282" ordinal="0" offset="0" sl="13" sc="5" el="13" ec="5" bec="0" bev="0" fileid="65" />
                <SequencePoint vc="7" uspid="15283" ordinal="0" offset="1" sl="14" sc="9" el="14" ec="9" bec="0" bev="0" fileid="65" />
                <SequencePoint vc="6" uspid="15284" ordinal="0" offset="13" sl="15" sc="9" el="15" ec="9" bec="0" bev="0" fileid="65" />
                <SequencePoint vc="6" uspid="15285" ordinal="0" offset="14" sl="16" sc="13" el="16" ec="13" bec="0" bev="0" fileid="65" />
                <SequencePoint vc="6" uspid="15286" ordinal="0" offset="33" sl="17" sc="13" el="17" ec="13" bec="0" bev="0" fileid="65" />
                <SequencePoint vc="6" uspid="15287" ordinal="0" offset="34" sl="18" sc="17" el="18" ec="17" bec="0" bev="0" fileid="65" />
                <SequencePoint vc="6" uspid="15288" ordinal="0" offset="62" sl="19" sc="17" el="19" ec="17" bec="0" bev="0" fileid="65" />
                <SequencePoint vc="6" uspid="15289" ordinal="0" offset="151" sl="20" sc="17" el="20" ec="17" bec="0" bev="0" fileid="65" />
                <SequencePoint vc="6" uspid="15290" ordinal="0" offset="177" sl="21" sc="13" el="21" ec="13" bec="0" bev="0" fileid="65" />
                <SequencePoint vc="6" uspid="15291" ordinal="0" offset="178" sl="23" sc="13" el="23" ec="13" bec="0" bev="0" fileid="65" />
                <SequencePoint vc="6" uspid="15292" ordinal="0" offset="190" sl="24" sc="13" el="24" ec="13" bec="0" bev="0" fileid="65" />
                <SequencePoint vc="6" uspid="15293" ordinal="0" offset="191" sl="24" sc="46" el="24" ec="46" bec="0" bev="0" fileid="65" />
                <SequencePoint vc="72" uspid="15294" ordinal="0" offset="204" sl="24" sc="22" el="24" ec="22" bec="0" bev="0" fileid="65" />
                <SequencePoint vc="72" uspid="15295" ordinal="0" offset="211" sl="25" sc="13" el="25" ec="13" bec="0" bev="0" fileid="65" />
                <SequencePoint vc="72" uspid="15296" ordinal="0" offset="212" sl="26" sc="17" el="26" ec="17" bec="0" bev="0" fileid="65" />
                <SequencePoint vc="72" uspid="15297" ordinal="0" offset="281" sl="27" sc="13" el="27" ec="13" bec="0" bev="0" fileid="65" />
                <SequencePoint vc="78" uspid="15298" ordinal="0" offset="288" sl="24" sc="43" el="24" ec="43" bec="0" bev="0" fileid="65" />
                <SequencePoint vc="6" uspid="15299" ordinal="0" offset="296" sl="28" sc="13" el="28" ec="13" bec="0" bev="0" fileid="65" />
                <SequencePoint vc="6" uspid="15300" ordinal="0" offset="314" sl="29" sc="9" el="29" ec="9" bec="0" bev="0" fileid="65" />
                <SequencePoint vc="7" uspid="15301" ordinal="0" offset="315" sl="30" sc="5" el="30" ec="5" bec="0" bev="0" fileid="65" />
              </SequencePoints>
              <BranchPoints />
            </Method>
            <Method visited="true" cyclomaticComplexity="0" nPathComplexity="0" sequenceCoverage="100.0" branchCoverage="0" crapScore="0" isConstructor="true" isStatic="false" isGetter="false" isSetter="false">
              <Summary numSequencePoints="2" visitedSequencePoints="2" numBranchPoints="0" visitedBranchPoints="0" sequenceCoverage="100.0" branchCoverage="0" maxCyclomaticComplexity="0" minCyclomaticComplexity="0" maxCrapScore="0" minCrapScore="0" visitedClasses="0" numClasses="0" visitedMethods="1" numMethods="1" />
              <MetadataToken>100663309</MetadataToken>
              <Name>DebrisController::DebrisController()</Name>
              <FileRef uid="65" />
              <SequencePoints>
                <SequencePoint vc="8" uspid="15302" ordinal="0" offset="0" sl="7" sc="5" el="7" ec="5" bec="0" bev="0" fileid="65" />
                <SequencePoint vc="8" uspid="15303" ordinal="0" offset="11" sl="8" sc="5" el="8" ec="5" bec="0" bev="0" fileid="65" />
              </SequencePoints>
              <BranchPoints />
            </Method>
          </Methods>
        </Class>
        <Class>
          <Summary numSequencePoints="93" visitedSequencePoints="86" numBranchPoints="0" visitedBranchPoints="0" sequenceCoverage="92.47" branchCoverage="0.0" maxCyclomaticComplexity="0" minCyclomaticComplexity="0" maxCrapScore="0" minCrapScore="0" visitedClasses="1" numClasses="1" visitedMethods="9" numMethods="9" />
          <FullName>SpaceshipController</FullName>
          <Methods>
            <Method visited="true" cyclomaticComplexity="0" nPathComplexity="0" sequenceCoverage="100.0" branchCoverage="0" crapScore="0" isConstructor="false" isStatic="false" isGetter="false" isSetter="false">
              <Summary numSequencePoints="4" visitedSequencePoints="4" numBranchPoints="0" visitedBranchPoints="0" sequenceCoverage="100.0" branchCoverage="0" maxCyclomaticComplexity="0" minCyclomaticComplexity="0" maxCrapScore="0" minCrapScore="0" visitedClasses="0" numClasses="0" visitedMethods="1" numMethods="1" />
              <MetadataToken>100663310</MetadataToken>
              <Name>System.Void SpaceshipController::Update()</Name>
              <FileRef uid="66" />
              <SequencePoints>
                <SequencePoint vc="2184" uspid="15304" ordinal="0" offset="0" sl="21" sc="5" el="21" ec="5" bec="0" bev="0" fileid="66" />
                <SequencePoint vc="2184" uspid="15305" ordinal="0" offset="1" sl="22" sc="9" el="22" ec="9" bec="0" bev="0" fileid="66" />
                <SequencePoint vc="2164" uspid="15306" ordinal="0" offset="13" sl="23" sc="13" el="23" ec="13" bec="0" bev="0" fileid="66" />
                <SequencePoint vc="2184" uspid="15307" ordinal="0" offset="20" sl="24" sc="5" el="24" ec="5" bec="0" bev="0" fileid="66" />
              </SequencePoints>
              <BranchPoints />
            </Method>
            <Method visited="true" cyclomaticComplexity="0" nPathComplexity="0" sequenceCoverage="75.00" branchCoverage="0" crapScore="0" isConstructor="false" isStatic="false" isGetter="false" isSetter="false">
              <Summary numSequencePoints="12" visitedSequencePoints="9" numBranchPoints="0" visitedBranchPoints="0" sequenceCoverage="75.00" branchCoverage="0" maxCyclomaticComplexity="0" minCyclomaticComplexity="0" maxCrapScore="0" minCrapScore="0" visitedClasses="0" numClasses="0" visitedMethods="1" numMethods="1" />
              <MetadataToken>100663311</MetadataToken>
              <Name>System.Void SpaceshipController::Move()</Name>
              <FileRef uid="66" />
              <SequencePoints>
                <SequencePoint vc="2166" uspid="15308" ordinal="0" offset="0" sl="27" sc="5" el="27" ec="5" bec="0" bev="0" fileid="66" />
                <SequencePoint vc="2166" uspid="15309" ordinal="0" offset="1" sl="28" sc="9" el="28" ec="9" bec="0" bev="0" fileid="66" />
                <SequencePoint vc="2166" uspid="15310" ordinal="0" offset="12" sl="29" sc="9" el="29" ec="9" bec="0" bev="0" fileid="66" />
                <SequencePoint vc="2166" uspid="15311" ordinal="0" offset="23" sl="31" sc="9" el="31" ec="9" bec="0" bev="0" fileid="66" />
                <SequencePoint vc="0" uspid="15312" ordinal="0" offset="35" sl="32" sc="13" el="32" ec="13" bec="0" bev="0" fileid="66" />
                <SequencePoint vc="2166" uspid="15313" ordinal="0" offset="43" sl="33" sc="9" el="33" ec="9" bec="0" bev="0" fileid="66" />
                <SequencePoint vc="0" uspid="15314" ordinal="0" offset="60" sl="34" sc="13" el="34" ec="13" bec="0" bev="0" fileid="66" />
                <SequencePoint vc="2166" uspid="15315" ordinal="0" offset="68" sl="35" sc="9" el="35" ec="9" bec="0" bev="0" fileid="66" />
                <SequencePoint vc="0" uspid="15316" ordinal="0" offset="81" sl="36" sc="13" el="36" ec="13" bec="0" bev="0" fileid="66" />
                <SequencePoint vc="2166" uspid="15317" ordinal="0" offset="89" sl="38" sc="9" el="38" ec="9" bec="0" bev="0" fileid="66" />
                <SequencePoint vc="2166" uspid="15318" ordinal="0" offset="143" sl="39" sc="9" el="39" ec="9" bec="0" bev="0" fileid="66" />
                <SequencePoint vc="2166" uspid="15319" ordinal="0" offset="150" sl="40" sc="5" el="40" ec="5" bec="0" bev="0" fileid="66" />
              </SequencePoints>
              <BranchPoints />
            </Method>
            <Method visited="true" cyclomaticComplexity="0" nPathComplexity="0" sequenceCoverage="100.0" branchCoverage="0" crapScore="0" isConstructor="false" isStatic="false" isGetter="false" isSetter="false">
              <Summary numSequencePoints="3" visitedSequencePoints="3" numBranchPoints="0" visitedBranchPoints="0" sequenceCoverage="100.0" branchCoverage="0" maxCyclomaticComplexity="0" minCyclomaticComplexity="0" maxCrapScore="0" minCrapScore="0" visitedClasses="0" numClasses="0" visitedMethods="1" numMethods="1" />
              <MetadataToken>100663312</MetadataToken>
              <Name>System.Void SpaceshipController::Thrust(System.Single)</Name>
              <FileRef uid="66" />
              <SequencePoints>
                <SequencePoint vc="1" uspid="15320" ordinal="0" offset="0" sl="43" sc="5" el="43" ec="5" bec="0" bev="0" fileid="66" />
                <SequencePoint vc="1" uspid="15321" ordinal="0" offset="1" sl="44" sc="9" el="44" ec="9" bec="0" bev="0" fileid="66" />
                <SequencePoint vc="1" uspid="15322" ordinal="0" offset="51" sl="45" sc="5" el="45" ec="5" bec="0" bev="0" fileid="66" />
              </SequencePoints>
              <BranchPoints />
            </Method>
            <Method visited="true" cyclomaticComplexity="0" nPathComplexity="0" sequenceCoverage="100.0" branchCoverage="0" crapScore="0" isConstructor="false" isStatic="false" isGetter="false" isSetter="false">
              <Summary numSequencePoints="4" visitedSequencePoints="4" numBranchPoints="0" visitedBranchPoints="0" sequenceCoverage="100.0" branchCoverage="0" maxCyclomaticComplexity="0" minCyclomaticComplexity="0" maxCrapScore="0" minCrapScore="0" visitedClasses="0" numClasses="0" visitedMethods="1" numMethods="1" />
              <MetadataToken>100663313</MetadataToken>
              <Name>System.Void SpaceshipController::Turn(System.Single)</Name>
              <FileRef uid="66" />
              <SequencePoints>
                <SequencePoint vc="2" uspid="15323" ordinal="0" offset="0" sl="48" sc="5" el="48" ec="5" bec="0" bev="0" fileid="66" />
                <SequencePoint vc="2" uspid="15324" ordinal="0" offset="1" sl="49" sc="9" el="49" ec="9" bec="0" bev="0" fileid="66" />
                <SequencePoint vc="2" uspid="15325" ordinal="0" offset="58" sl="50" sc="9" el="50" ec="9" bec="0" bev="0" fileid="66" />
                <SequencePoint vc="2" uspid="15326" ordinal="0" offset="99" sl="51" sc="5" el="51" ec="5" bec="0" bev="0" fileid="66" />
              </SequencePoints>
              <BranchPoints />
            </Method>
            <Method visited="true" cyclomaticComplexity="0" nPathComplexity="0" sequenceCoverage="78.57" branchCoverage="0" crapScore="0" isConstructor="false" isStatic="false" isGetter="false" isSetter="false">
              <Summary numSequencePoints="14" visitedSequencePoints="11" numBranchPoints="0" visitedBranchPoints="0" sequenceCoverage="78.57" branchCoverage="0" maxCyclomaticComplexity="0" minCyclomaticComplexity="0" maxCrapScore="0" minCrapScore="0" visitedClasses="0" numClasses="0" visitedMethods="1" numMethods="1" />
              <MetadataToken>100663314</MetadataToken>
              <Name>System.Void SpaceshipController::Shoot(System.Boolean)</Name>
              <FileRef uid="66" />
              <SequencePoints>
                <SequencePoint vc="2" uspid="15327" ordinal="0" offset="0" sl="54" sc="5" el="54" ec="5" bec="0" bev="0" fileid="66" />
                <SequencePoint vc="2" uspid="15328" ordinal="0" offset="1" sl="58" sc="9" el="58" ec="9" bec="0" bev="0" fileid="66" />
                <SequencePoint vc="1" uspid="15329" ordinal="0" offset="24" sl="61" sc="17" el="61" ec="17" bec="0" bev="0" fileid="66" />
                <SequencePoint vc="1" uspid="15330" ordinal="0" offset="78" sl="62" sc="17" el="62" ec="17" bec="0" bev="0" fileid="66" />
                <SequencePoint vc="1" uspid="15331" ordinal="0" offset="101" sl="63" sc="17" el="63" ec="17" bec="0" bev="0" fileid="66" />
                <SequencePoint vc="1" uspid="15332" ordinal="0" offset="106" sl="65" sc="17" el="65" ec="17" bec="0" bev="0" fileid="66" />
                <SequencePoint vc="0" uspid="15333" ordinal="0" offset="122" sl="66" sc="21" el="66" ec="21" bec="0" bev="0" fileid="66" />
                <SequencePoint vc="1" uspid="15334" ordinal="0" offset="124" sl="67" sc="17" el="67" ec="17" bec="0" bev="0" fileid="66" />
                <SequencePoint vc="1" uspid="15335" ordinal="0" offset="178" sl="68" sc="17" el="68" ec="17" bec="0" bev="0" fileid="66" />
                <SequencePoint vc="1" uspid="15336" ordinal="0" offset="206" sl="69" sc="17" el="69" ec="17" bec="0" bev="0" fileid="66" />
                <SequencePoint vc="1" uspid="15337" ordinal="0" offset="229" sl="70" sc="17" el="70" ec="17" bec="0" bev="0" fileid="66" />
                <SequencePoint vc="0" uspid="15338" ordinal="0" offset="231" sl="72" sc="17" el="72" ec="17" bec="0" bev="0" fileid="66" />
                <SequencePoint vc="0" uspid="15339" ordinal="0" offset="242" sl="73" sc="17" el="73" ec="17" bec="0" bev="0" fileid="66" />
                <SequencePoint vc="2" uspid="15340" ordinal="0" offset="244" sl="75" sc="5" el="75" ec="5" bec="0" bev="0" fileid="66" />
              </SequencePoints>
              <BranchPoints />
            </Method>
            <Method visited="true" cyclomaticComplexity="0" nPathComplexity="0" sequenceCoverage="92.86" branchCoverage="0" crapScore="0" isConstructor="false" isStatic="false" isGetter="false" isSetter="false">
              <Summary numSequencePoints="14" visitedSequencePoints="13" numBranchPoints="0" visitedBranchPoints="0" sequenceCoverage="92.86" branchCoverage="0" maxCyclomaticComplexity="0" minCyclomaticComplexity="0" maxCrapScore="0" minCrapScore="0" visitedClasses="0" numClasses="0" visitedMethods="1" numMethods="1" />
              <MetadataToken>100663315</MetadataToken>
              <Name>System.Void SpaceshipController::OnTriggerEnter2D(UnityEngine.Collider2D)</Name>
              <FileRef uid="66" />
              <SequencePoints>
                <SequencePoint vc="4" uspid="15341" ordinal="0" offset="0" sl="78" sc="5" el="78" ec="5" bec="0" bev="0" fileid="66" />
                <SequencePoint vc="4" uspid="15342" ordinal="0" offset="1" sl="80" sc="9" el="80" ec="9" bec="0" bev="0" fileid="66" />
                <SequencePoint vc="0" uspid="15343" ordinal="0" offset="11" sl="81" sc="13" el="81" ec="13" bec="0" bev="0" fileid="66" />
                <SequencePoint vc="4" uspid="15344" ordinal="0" offset="13" sl="83" sc="9" el="83" ec="9" bec="0" bev="0" fileid="66" />
                <SequencePoint vc="4" uspid="15345" ordinal="0" offset="25" sl="85" sc="9" el="85" ec="9" bec="0" bev="0" fileid="66" />
                <SequencePoint vc="4" uspid="15346" ordinal="0" offset="35" sl="86" sc="9" el="86" ec="9" bec="0" bev="0" fileid="66" />
                <SequencePoint vc="4" uspid="15347" ordinal="0" offset="36" sl="87" sc="13" el="87" ec="13" bec="0" bev="0" fileid="66" />
                <SequencePoint vc="4" uspid="15348" ordinal="0" offset="43" sl="88" sc="13" el="88" ec="13" bec="0" bev="0" fileid="66" />
                <SequencePoint vc="1" uspid="15349" ordinal="0" offset="58" sl="89" sc="17" el="89" ec="17" bec="0" bev="0" fileid="66" />
                <SequencePoint vc="4" uspid="15350" ordinal="0" offset="74" sl="90" sc="13" el="90" ec="13" bec="0" bev="0" fileid="66" />
                <SequencePoint vc="4" uspid="15351" ordinal="0" offset="114" sl="91" sc="13" el="91" ec="13" bec="0" bev="0" fileid="66" />
                <SequencePoint vc="4" uspid="15352" ordinal="0" offset="126" sl="92" sc="13" el="92" ec="13" bec="0" bev="0" fileid="66" />
                <SequencePoint vc="4" uspid="15353" ordinal="0" offset="133" sl="93" sc="9" el="93" ec="9" bec="0" bev="0" fileid="66" />
                <SequencePoint vc="4" uspid="15354" ordinal="0" offset="134" sl="94" sc="5" el="94" ec="5" bec="0" bev="0" fileid="66" />
              </SequencePoints>
              <BranchPoints />
            </Method>
            <Method visited="true" cyclomaticComplexity="0" nPathComplexity="0" sequenceCoverage="100.0" branchCoverage="0" crapScore="0" isConstructor="false" isStatic="false" isGetter="false" isSetter="false">
              <Summary numSequencePoints="31" visitedSequencePoints="31" numBranchPoints="0" visitedBranchPoints="0" sequenceCoverage="100.0" branchCoverage="0" maxCyclomaticComplexity="0" minCyclomaticComplexity="0" maxCrapScore="0" minCrapScore="0" visitedClasses="0" numClasses="0" visitedMethods="1" numMethods="1" />
              <MetadataToken>100663316</MetadataToken>
              <Name>System.Void SpaceshipController::CalculatePositionOnCamera()</Name>
              <FileRef uid="66" />
              <SequencePoints>
                <SequencePoint vc="2166" uspid="15355" ordinal="0" offset="0" sl="97" sc="5" el="97" ec="5" bec="0" bev="0" fileid="66" />
                <SequencePoint vc="2166" uspid="15356" ordinal="0" offset="1" sl="98" sc="9" el="98" ec="9" bec="0" bev="0" fileid="66" />
                <SequencePoint vc="684" uspid="15357" ordinal="0" offset="19" sl="99" sc="9" el="99" ec="9" bec="0" bev="0" fileid="66" />
                <SequencePoint vc="684" uspid="15358" ordinal="0" offset="20" sl="100" sc="13" el="100" ec="13" bec="0" bev="0" fileid="66" />
                <SequencePoint vc="684" uspid="15359" ordinal="0" offset="22" sl="102" sc="13" el="102" ec="13" bec="0" bev="0" fileid="66" />
                <SequencePoint vc="684" uspid="15360" ordinal="0" offset="49" sl="103" sc="13" el="103" ec="13" bec="0" bev="0" fileid="66" />
                <SequencePoint vc="1" uspid="15361" ordinal="0" offset="66" sl="104" sc="13" el="104" ec="13" bec="0" bev="0" fileid="66" />
                <SequencePoint vc="1" uspid="15362" ordinal="0" offset="67" sl="105" sc="17" el="105" ec="17" bec="0" bev="0" fileid="66" />
                <SequencePoint vc="1" uspid="15363" ordinal="0" offset="69" sl="106" sc="17" el="106" ec="17" bec="0" bev="0" fileid="66" />
                <SequencePoint vc="1" uspid="15364" ordinal="0" offset="122" sl="107" sc="13" el="107" ec="13" bec="0" bev="0" fileid="66" />
                <SequencePoint vc="683" uspid="15365" ordinal="0" offset="128" sl="108" sc="18" el="108" ec="18" bec="0" bev="0" fileid="66" />
                <SequencePoint vc="2" uspid="15366" ordinal="0" offset="147" sl="109" sc="13" el="109" ec="13" bec="0" bev="0" fileid="66" />
                <SequencePoint vc="2" uspid="15367" ordinal="0" offset="148" sl="110" sc="17" el="110" ec="17" bec="0" bev="0" fileid="66" />
                <SequencePoint vc="2" uspid="15368" ordinal="0" offset="150" sl="111" sc="17" el="111" ec="17" bec="0" bev="0" fileid="66" />
                <SequencePoint vc="2" uspid="15369" ordinal="0" offset="203" sl="112" sc="13" el="112" ec="13" bec="0" bev="0" fileid="66" />
                <SequencePoint vc="681" uspid="15370" ordinal="0" offset="209" sl="113" sc="18" el="113" ec="18" bec="0" bev="0" fileid="66" />
                <SequencePoint vc="1" uspid="15371" ordinal="0" offset="228" sl="114" sc="13" el="114" ec="13" bec="0" bev="0" fileid="66" />
                <SequencePoint vc="1" uspid="15372" ordinal="0" offset="229" sl="115" sc="17" el="115" ec="17" bec="0" bev="0" fileid="66" />
                <SequencePoint vc="1" uspid="15373" ordinal="0" offset="231" sl="116" sc="17" el="116" ec="17" bec="0" bev="0" fileid="66" />
                <SequencePoint vc="1" uspid="15374" ordinal="0" offset="284" sl="117" sc="13" el="117" ec="13" bec="0" bev="0" fileid="66" />
                <SequencePoint vc="680" uspid="15375" ordinal="0" offset="287" sl="118" sc="18" el="118" ec="18" bec="0" bev="0" fileid="66" />
                <SequencePoint vc="1" uspid="15376" ordinal="0" offset="306" sl="119" sc="13" el="119" ec="13" bec="0" bev="0" fileid="66" />
                <SequencePoint vc="1" uspid="15377" ordinal="0" offset="307" sl="120" sc="17" el="120" ec="17" bec="0" bev="0" fileid="66" />
                <SequencePoint vc="1" uspid="15378" ordinal="0" offset="309" sl="121" sc="17" el="121" ec="17" bec="0" bev="0" fileid="66" />
                <SequencePoint vc="1" uspid="15379" ordinal="0" offset="362" sl="122" sc="13" el="122" ec="13" bec="0" bev="0" fileid="66" />
                <SequencePoint vc="684" uspid="15380" ordinal="0" offset="363" sl="124" sc="13" el="124" ec="13" bec="0" bev="0" fileid="66" />
                <SequencePoint vc="5" uspid="15381" ordinal="0" offset="370" sl="125" sc="13" el="125" ec="13" bec="0" bev="0" fileid="66" />
                <SequencePoint vc="5" uspid="15382" ordinal="0" offset="371" sl="126" sc="17" el="126" ec="17" bec="0" bev="0" fileid="66" />
                <SequencePoint vc="5" uspid="15383" ordinal="0" offset="400" sl="127" sc="13" el="127" ec="13" bec="0" bev="0" fileid="66" />
                <SequencePoint vc="684" uspid="15384" ordinal="0" offset="401" sl="128" sc="9" el="128" ec="9" bec="0" bev="0" fileid="66" />
                <SequencePoint vc="2166" uspid="15385" ordinal="0" offset="402" sl="129" sc="5" el="129" ec="5" bec="0" bev="0" fileid="66" />
              </SequencePoints>
              <BranchPoints />
            </Method>
            <Method visited="true" cyclomaticComplexity="0" nPathComplexity="0" sequenceCoverage="100.0" branchCoverage="0" crapScore="0" isConstructor="false" isStatic="false" isGetter="false" isSetter="false">
              <Summary numSequencePoints="8" visitedSequencePoints="8" numBranchPoints="0" visitedBranchPoints="0" sequenceCoverage="100.0" branchCoverage="0" maxCyclomaticComplexity="0" minCyclomaticComplexity="0" maxCrapScore="0" minCrapScore="0" visitedClasses="0" numClasses="0" visitedMethods="1" numMethods="1" />
              <MetadataToken>100663317</MetadataToken>
              <Name>System.Void SpaceshipController::UpdateWeapon(System.Int32)</Name>
              <FileRef uid="66" />
              <SequencePoints>
                <SequencePoint vc="10" uspid="15386" ordinal="0" offset="0" sl="132" sc="5" el="132" ec="5" bec="0" bev="0" fileid="66" />
                <SequencePoint vc="10" uspid="15387" ordinal="0" offset="1" sl="133" sc="9" el="133" ec="9" bec="0" bev="0" fileid="66" />
                <SequencePoint vc="10" uspid="15388" ordinal="0" offset="3" sl="135" sc="9" el="135" ec="9" bec="0" bev="0" fileid="66" />
                <SequencePoint vc="1" uspid="15389" ordinal="0" offset="18" sl="136" sc="13" el="136" ec="13" bec="0" bev="0" fileid="66" />
                <SequencePoint vc="10" uspid="15390" ordinal="0" offset="20" sl="138" sc="9" el="138" ec="9" bec="0" bev="0" fileid="66" />
                <SequencePoint vc="9" uspid="15391" ordinal="0" offset="33" sl="139" sc="13" el="139" ec="13" bec="0" bev="0" fileid="66" />
                <SequencePoint vc="1" uspid="15392" ordinal="0" offset="35" sl="141" sc="9" el="141" ec="9" bec="0" bev="0" fileid="66" />
                <SequencePoint vc="10" uspid="15393" ordinal="0" offset="42" sl="142" sc="5" el="142" ec="5" bec="0" bev="0" fileid="66" />
              </SequencePoints>
              <BranchPoints />
            </Method>
            <Method visited="true" cyclomaticComplexity="0" nPathComplexity="0" sequenceCoverage="100.0" branchCoverage="0" crapScore="0" isConstructor="true" isStatic="false" isGetter="false" isSetter="false">
              <Summary numSequencePoints="3" visitedSequencePoints="3" numBranchPoints="0" visitedBranchPoints="0" sequenceCoverage="100.0" branchCoverage="0" maxCyclomaticComplexity="0" minCyclomaticComplexity="0" maxCrapScore="0" minCrapScore="0" visitedClasses="0" numClasses="0" visitedMethods="1" numMethods="1" />
              <MetadataToken>100663318</MetadataToken>
              <Name>SpaceshipController::SpaceshipController()</Name>
              <FileRef uid="66" />
              <SequencePoints>
                <SequencePoint vc="25" uspid="15394" ordinal="0" offset="0" sl="7" sc="5" el="7" ec="5" bec="0" bev="0" fileid="66" />
                <SequencePoint vc="25" uspid="15395" ordinal="0" offset="11" sl="9" sc="5" el="9" ec="5" bec="0" bev="0" fileid="66" />
                <SequencePoint vc="25" uspid="15396" ordinal="0" offset="18" sl="17" sc="5" el="17" ec="5" bec="0" bev="0" fileid="66" />
              </SequencePoints>
              <BranchPoints />
            </Method>
          </Methods>
        </Class>
        <Class>
          <Summary numSequencePoints="10" visitedSequencePoints="10" numBranchPoints="0" visitedBranchPoints="0" sequenceCoverage="100.0" branchCoverage="0.0" maxCyclomaticComplexity="0" minCyclomaticComplexity="0" maxCrapScore="0" minCrapScore="0" visitedClasses="1" numClasses="1" visitedMethods="2" numMethods="2" />
          <FullName>EngineTrail</FullName>
          <Methods>
            <Method visited="true" cyclomaticComplexity="0" nPathComplexity="0" sequenceCoverage="100.0" branchCoverage="0" crapScore="0" isConstructor="false" isStatic="false" isGetter="false" isSetter="false">
              <Summary numSequencePoints="7" visitedSequencePoints="7" numBranchPoints="0" visitedBranchPoints="0" sequenceCoverage="100.0" branchCoverage="0" maxCyclomaticComplexity="0" minCyclomaticComplexity="0" maxCrapScore="0" minCrapScore="0" visitedClasses="0" numClasses="0" visitedMethods="1" numMethods="1" />
              <MetadataToken>100663319</MetadataToken>
              <Name>System.Void EngineTrail::Start()</Name>
              <FileRef uid="67" />
              <SequencePoints>
                <SequencePoint vc="24" uspid="15397" ordinal="0" offset="0" sl="10" sc="5" el="10" ec="5" bec="0" bev="0" fileid="67" />
                <SequencePoint vc="24" uspid="15398" ordinal="0" offset="1" sl="11" sc="9" el="11" ec="9" bec="0" bev="0" fileid="67" />
                <SequencePoint vc="10" uspid="15399" ordinal="0" offset="13" sl="12" sc="13" el="12" ec="13" bec="0" bev="0" fileid="67" />
                <SequencePoint vc="24" uspid="15400" ordinal="0" offset="26" sl="14" sc="9" el="14" ec="9" bec="0" bev="0" fileid="67" />
                <SequencePoint vc="24" uspid="15401" ordinal="0" offset="38" sl="15" sc="9" el="15" ec="9" bec="0" bev="0" fileid="67" />
                <SequencePoint vc="24" uspid="15402" ordinal="0" offset="55" sl="16" sc="9" el="16" ec="9" bec="0" bev="0" fileid="67" />
                <SequencePoint vc="24" uspid="15403" ordinal="0" offset="68" sl="17" sc="5" el="17" ec="5" bec="0" bev="0" fileid="67" />
              </SequencePoints>
              <BranchPoints />
            </Method>
            <Method visited="true" cyclomaticComplexity="0" nPathComplexity="0" sequenceCoverage="100.0" branchCoverage="0" crapScore="0" isConstructor="false" isStatic="false" isGetter="false" isSetter="false">
              <Summary numSequencePoints="3" visitedSequencePoints="3" numBranchPoints="0" visitedBranchPoints="0" sequenceCoverage="100.0" branchCoverage="0" maxCyclomaticComplexity="0" minCyclomaticComplexity="0" maxCrapScore="0" minCrapScore="0" visitedClasses="0" numClasses="0" visitedMethods="1" numMethods="1" />
              <MetadataToken>100663320</MetadataToken>
              <Name>System.Void EngineTrail::ClearParticles()</Name>
              <FileRef uid="67" />
              <SequencePoints>
                <SequencePoint vc="5" uspid="15404" ordinal="0" offset="0" sl="20" sc="5" el="20" ec="5" bec="0" bev="0" fileid="67" />
                <SequencePoint vc="5" uspid="15405" ordinal="0" offset="1" sl="21" sc="9" el="21" ec="9" bec="0" bev="0" fileid="67" />
                <SequencePoint vc="5" uspid="15406" ordinal="0" offset="14" sl="22" sc="5" el="22" ec="5" bec="0" bev="0" fileid="67" />
              </SequencePoints>
              <BranchPoints />
            </Method>
          </Methods>
        </Class>
        <Class>
          <Summary numSequencePoints="83" visitedSequencePoints="81" numBranchPoints="0" visitedBranchPoints="0" sequenceCoverage="97.59" branchCoverage="0.0" maxCyclomaticComplexity="0" minCyclomaticComplexity="0" maxCrapScore="0" minCrapScore="0" visitedClasses="1" numClasses="1" visitedMethods="12" numMethods="12" />
          <FullName>GameManager</FullName>
          <Methods>
            <Method visited="true" cyclomaticComplexity="0" nPathComplexity="0" sequenceCoverage="100.0" branchCoverage="0" crapScore="0" isConstructor="false" isStatic="true" isGetter="false" isSetter="false">
              <Summary numSequencePoints="7" visitedSequencePoints="7" numBranchPoints="0" visitedBranchPoints="0" sequenceCoverage="100.0" branchCoverage="0" maxCyclomaticComplexity="0" minCyclomaticComplexity="0" maxCrapScore="0" minCrapScore="0" visitedClasses="0" numClasses="0" visitedMethods="1" numMethods="1" />
              <MetadataToken>100663323</MetadataToken>
              <Name>static System.Void GameManager::InitializeTestingEnvironment(System.Boolean, System.Boolean, System.Boolean, System.Boolean, System.Boolean)</Name>
              <FileRef uid="68" />
              <SequencePoints>
                <SequencePoint vc="83" uspid="15407" ordinal="0" offset="0" sl="14" sc="5" el="14" ec="5" bec="0" bev="0" fileid="68" />
                <SequencePoint vc="83" uspid="15408" ordinal="0" offset="1" sl="15" sc="9" el="15" ec="9" bec="0" bev="0" fileid="68" />
                <SequencePoint vc="83" uspid="15409" ordinal="0" offset="7" sl="16" sc="9" el="16" ec="9" bec="0" bev="0" fileid="68" />
                <SequencePoint vc="83" uspid="15410" ordinal="0" offset="13" sl="17" sc="9" el="17" ec="9" bec="0" bev="0" fileid="68" />
                <SequencePoint vc="83" uspid="15411" ordinal="0" offset="19" sl="18" sc="9" el="18" ec="9" bec="0" bev="0" fileid="68" />
                <SequencePoint vc="83" uspid="15412" ordinal="0" offset="25" sl="19" sc="9" el="19" ec="9" bec="0" bev="0" fileid="68" />
                <SequencePoint vc="83" uspid="15413" ordinal="0" offset="33" sl="20" sc="5" el="20" ec="5" bec="0" bev="0" fileid="68" />
              </SequencePoints>
              <BranchPoints />
            </Method>
            <Method visited="true" cyclomaticComplexity="0" nPathComplexity="0" sequenceCoverage="100.0" branchCoverage="0" crapScore="0" isConstructor="false" isStatic="true" isGetter="true" isSetter="false">
              <Summary numSequencePoints="3" visitedSequencePoints="3" numBranchPoints="0" visitedBranchPoints="0" sequenceCoverage="100.0" branchCoverage="0" maxCyclomaticComplexity="0" minCyclomaticComplexity="0" maxCrapScore="0" minCrapScore="0" visitedClasses="0" numClasses="0" visitedMethods="1" numMethods="1" />
              <MetadataToken>100663324</MetadataToken>
              <Name>static System.Boolean GameManager::get_IsPaused()</Name>
              <FileRef uid="68" />
              <SequencePoints>
                <SequencePoint vc="8058" uspid="15414" ordinal="0" offset="0" sl="43" sc="13" el="43" ec="13" bec="0" bev="0" fileid="68" />
                <SequencePoint vc="8058" uspid="15415" ordinal="0" offset="1" sl="43" sc="15" el="43" ec="15" bec="0" bev="0" fileid="68" />
                <SequencePoint vc="8058" uspid="15416" ordinal="0" offset="9" sl="43" sc="32" el="43" ec="32" bec="0" bev="0" fileid="68" />
              </SequencePoints>
              <BranchPoints />
            </Method>
            <Method visited="true" cyclomaticComplexity="0" nPathComplexity="0" sequenceCoverage="100.0" branchCoverage="0" crapScore="0" isConstructor="false" isStatic="true" isGetter="false" isSetter="true">
              <Summary numSequencePoints="4" visitedSequencePoints="4" numBranchPoints="0" visitedBranchPoints="0" sequenceCoverage="100.0" branchCoverage="0" maxCyclomaticComplexity="0" minCyclomaticComplexity="0" maxCrapScore="0" minCrapScore="0" visitedClasses="0" numClasses="0" visitedMethods="1" numMethods="1" />
              <MetadataToken>100663325</MetadataToken>
              <Name>static System.Void GameManager::set_IsPaused(System.Boolean)</Name>
              <FileRef uid="68" />
              <SequencePoints>
                <SequencePoint vc="104" uspid="15417" ordinal="0" offset="0" sl="44" sc="13" el="44" ec="13" bec="0" bev="0" fileid="68" />
                <SequencePoint vc="104" uspid="15418" ordinal="0" offset="1" sl="44" sc="15" el="44" ec="15" bec="0" bev="0" fileid="68" />
                <SequencePoint vc="104" uspid="15419" ordinal="0" offset="22" sl="44" sc="53" el="44" ec="53" bec="0" bev="0" fileid="68" />
                <SequencePoint vc="104" uspid="15420" ordinal="0" offset="28" sl="44" sc="71" el="44" ec="71" bec="0" bev="0" fileid="68" />
              </SequencePoints>
              <BranchPoints />
            </Method>
            <Method visited="true" cyclomaticComplexity="0" nPathComplexity="0" sequenceCoverage="100.0" branchCoverage="0" crapScore="0" isConstructor="false" isStatic="true" isGetter="false" isSetter="false">
              <Summary numSequencePoints="3" visitedSequencePoints="3" numBranchPoints="0" visitedBranchPoints="0" sequenceCoverage="100.0" branchCoverage="0" maxCyclomaticComplexity="0" minCyclomaticComplexity="0" maxCrapScore="0" minCrapScore="0" visitedClasses="0" numClasses="0" visitedMethods="1" numMethods="1" />
              <MetadataToken>100663326</MetadataToken>
              <Name>static System.Boolean GameManager::SpaceshipIsActive()</Name>
              <FileRef uid="68" />
              <SequencePoints>
                <SequencePoint vc="37" uspid="15421" ordinal="0" offset="0" sl="47" sc="44" el="47" ec="44" bec="0" bev="0" fileid="68" />
                <SequencePoint vc="37" uspid="15422" ordinal="0" offset="1" sl="47" sc="46" el="47" ec="46" bec="0" bev="0" fileid="68" />
                <SequencePoint vc="37" uspid="15423" ordinal="0" offset="15" sl="47" sc="72" el="47" ec="72" bec="0" bev="0" fileid="68" />
              </SequencePoints>
              <BranchPoints />
            </Method>
            <Method visited="true" cyclomaticComplexity="0" nPathComplexity="0" sequenceCoverage="80.00" branchCoverage="0" crapScore="0" isConstructor="false" isStatic="false" isGetter="false" isSetter="false">
              <Summary numSequencePoints="10" visitedSequencePoints="8" numBranchPoints="0" visitedBranchPoints="0" sequenceCoverage="80.00" branchCoverage="0" maxCyclomaticComplexity="0" minCyclomaticComplexity="0" maxCrapScore="0" minCrapScore="0" visitedClasses="0" numClasses="0" visitedMethods="1" numMethods="1" />
              <MetadataToken>100663327</MetadataToken>
              <Name>System.Void GameManager::OnEnable()</Name>
              <FileRef uid="68" />
              <SequencePoints>
                <SequencePoint vc="14" uspid="15424" ordinal="0" offset="0" sl="50" sc="5" el="50" ec="5" bec="0" bev="0" fileid="68" />
                <SequencePoint vc="14" uspid="15425" ordinal="0" offset="1" sl="51" sc="9" el="51" ec="9" bec="0" bev="0" fileid="68" />
                <SequencePoint vc="14" uspid="15426" ordinal="0" offset="16" sl="52" sc="13" el="52" ec="13" bec="0" bev="0" fileid="68" />
                <SequencePoint vc="0" uspid="15427" ordinal="0" offset="24" sl="53" sc="14" el="53" ec="14" bec="0" bev="0" fileid="68" />
                <SequencePoint vc="0" uspid="15428" ordinal="0" offset="39" sl="54" sc="13" el="54" ec="13" bec="0" bev="0" fileid="68" />
                <SequencePoint vc="14" uspid="15429" ordinal="0" offset="51" sl="56" sc="9" el="56" ec="9" bec="0" bev="0" fileid="68" />
                <SequencePoint vc="14" uspid="15430" ordinal="0" offset="62" sl="57" sc="9" el="57" ec="9" bec="0" bev="0" fileid="68" />
                <SequencePoint vc="14" uspid="15431" ordinal="0" offset="69" sl="58" sc="9" el="58" ec="9" bec="0" bev="0" fileid="68" />
                <SequencePoint vc="14" uspid="15432" ordinal="0" offset="75" sl="59" sc="9" el="59" ec="9" bec="0" bev="0" fileid="68" />
                <SequencePoint vc="14" uspid="15433" ordinal="0" offset="81" sl="60" sc="5" el="60" ec="5" bec="0" bev="0" fileid="68" />
              </SequencePoints>
              <BranchPoints />
            </Method>
            <Method visited="true" cyclomaticComplexity="0" nPathComplexity="0" sequenceCoverage="100.0" branchCoverage="0" crapScore="0" isConstructor="false" isStatic="false" isGetter="false" isSetter="false">
[...]
              <Summary numSequencePoints="7" visitedSequencePoints="7" numBranchPoints="0" visitedBranchPoints="0" sequenceCoverage="100.0" branchCoverage="0" maxCyclomaticComplexity="0" minCyclomaticComplexity="0" maxCrapScore="0" minCrapScore="0" visitedClasses="0" numClasses="0" visitedMethods="1" numMethods="1" />
              <MetadataToken>100663650</MetadataToken>
              <Name>System.Boolean WeaponTests/&lt;_10_ProjectileRotatesAccordingToItsDirectionVector&gt;d__15::MoveNext()</Name>
              <FileRef uid="120" />
              <SequencePoints>
                <SequencePoint vc="1" uspid="21399" ordinal="0" offset="31" sl="122" sc="5" el="122" ec="5" bec="0" bev="0" fileid="120" />
                <SequencePoint vc="1" uspid="21400" ordinal="0" offset="32" sl="123" sc="9" el="123" ec="9" bec="0" bev="0" fileid="120" />
                <SequencePoint vc="1" uspid="21401" ordinal="0" offset="44" sl="124" sc="9" el="124" ec="9" bec="0" bev="0" fileid="120" />
                <SequencePoint vc="1" uspid="21402" ordinal="0" offset="81" sl="125" sc="9" el="125" ec="9" bec="0" bev="0" fileid="120" />
                <SequencePoint vc="1" uspid="21403" ordinal="0" offset="116" sl="127" sc="9" el="127" ec="9" bec="0" bev="0" fileid="120" />
                <SequencePoint vc="1" uspid="21404" ordinal="0" offset="139" sl="129" sc="9" el="129" ec="9" bec="0" bev="0" fileid="120" />
                <SequencePoint vc="1" uspid="21405" ordinal="0" offset="182" sl="130" sc="5" el="130" ec="5" bec="0" bev="0" fileid="120" />
              </SequencePoints>
              <BranchPoints />
            </Method>
          </Methods>
        </Class>
        <Class>
          <Summary numSequencePoints="6" visitedSequencePoints="6" numBranchPoints="0" visitedBranchPoints="0" sequenceCoverage="100.0" branchCoverage="0.0" maxCyclomaticComplexity="0" minCyclomaticComplexity="0" maxCrapScore="0" minCrapScore="0" visitedClasses="1" numClasses="1" visitedMethods="1" numMethods="1" />
          <FullName>WeaponTests/&lt;_11_ProjectileIsDestroyedWhenOffsceen&gt;d__16</FullName>
          <Methods>
            <Method visited="true" cyclomaticComplexity="0" nPathComplexity="0" sequenceCoverage="100.0" branchCoverage="0" crapScore="0" isConstructor="false" isStatic="false" isGetter="false" isSetter="false">
              <Summary numSequencePoints="6" visitedSequencePoints="6" numBranchPoints="0" visitedBranchPoints="0" sequenceCoverage="100.0" branchCoverage="0" maxCyclomaticComplexity="0" minCyclomaticComplexity="0" maxCrapScore="0" minCrapScore="0" visitedClasses="0" numClasses="0" visitedMethods="1" numMethods="1" />
              <MetadataToken>100663656</MetadataToken>
              <Name>System.Boolean WeaponTests/&lt;_11_ProjectileIsDestroyedWhenOffsceen&gt;d__16::MoveNext()</Name>
              <FileRef uid="120" />
              <SequencePoints>
                <SequencePoint vc="1" uspid="21406" ordinal="0" offset="31" sl="134" sc="5" el="134" ec="5" bec="0" bev="0" fileid="120" />
                <SequencePoint vc="1" uspid="21407" ordinal="0" offset="32" sl="135" sc="9" el="135" ec="9" bec="0" bev="0" fileid="120" />
                <SequencePoint vc="1" uspid="21408" ordinal="0" offset="44" sl="136" sc="9" el="136" ec="9" bec="0" bev="0" fileid="120" />
                <SequencePoint vc="1" uspid="21409" ordinal="0" offset="91" sl="138" sc="9" el="138" ec="9" bec="0" bev="0" fileid="120" />
                <SequencePoint vc="1" uspid="21410" ordinal="0" offset="114" sl="140" sc="9" el="140" ec="9" bec="0" bev="0" fileid="120" />
                <SequencePoint vc="1" uspid="21411" ordinal="0" offset="132" sl="141" sc="5" el="141" ec="5" bec="0" bev="0" fileid="120" />
              </SequencePoints>
              <BranchPoints />
            </Method>
          </Methods>
        </Class>
        <Class>
          <Summary numSequencePoints="8" visitedSequencePoints="8" numBranchPoints="0" visitedBranchPoints="0" sequenceCoverage="100.0" branchCoverage="0.0" maxCyclomaticComplexity="0" minCyclomaticComplexity="0" maxCrapScore="0" minCrapScore="0" visitedClasses="1" numClasses="1" visitedMethods="1" numMethods="1" />
          <FullName>WeaponTests/&lt;_13_ProjectileIsDestroyedOnCollisionWithAsteroid&gt;d__18</FullName>
          <Methods>
            <Method visited="true" cyclomaticComplexity="0" nPathComplexity="0" sequenceCoverage="100.0" branchCoverage="0" crapScore="0" isConstructor="false" isStatic="false" isGetter="false" isSetter="false">
              <Summary numSequencePoints="8" visitedSequencePoints="8" numBranchPoints="0" visitedBranchPoints="0" sequenceCoverage="100.0" branchCoverage="0" maxCyclomaticComplexity="0" minCyclomaticComplexity="0" maxCrapScore="0" minCrapScore="0" visitedClasses="0" numClasses="0" visitedMethods="1" numMethods="1" />
              <MetadataToken>100663662</MetadataToken>
              <Name>System.Boolean WeaponTests/&lt;_13_ProjectileIsDestroyedOnCollisionWithAsteroid&gt;d__18::MoveNext()</Name>
              <FileRef uid="120" />
              <SequencePoints>
                <SequencePoint vc="1" uspid="21412" ordinal="0" offset="42" sl="154" sc="5" el="154" ec="5" bec="0" bev="0" fileid="120" />
                <SequencePoint vc="1" uspid="21413" ordinal="0" offset="43" sl="155" sc="9" el="155" ec="9" bec="0" bev="0" fileid="120" />
                <SequencePoint vc="1" uspid="21414" ordinal="0" offset="55" sl="156" sc="9" el="156" ec="9" bec="0" bev="0" fileid="120" />
                <SequencePoint vc="1" uspid="21415" ordinal="0" offset="87" sl="157" sc="9" el="157" ec="9" bec="0" bev="0" fileid="120" />
                <SequencePoint vc="1" uspid="21416" ordinal="0" offset="114" sl="159" sc="9" el="159" ec="9" bec="0" bev="0" fileid="120" />
                <SequencePoint vc="1" uspid="21417" ordinal="0" offset="141" sl="160" sc="9" el="160" ec="9" bec="0" bev="0" fileid="120" />
                <SequencePoint vc="1" uspid="21418" ordinal="0" offset="164" sl="162" sc="9" el="162" ec="9" bec="0" bev="0" fileid="120" />
                <SequencePoint vc="1" uspid="21419" ordinal="0" offset="182" sl="163" sc="5" el="163" ec="5" bec="0" bev="0" fileid="120" />
              </SequencePoints>
              <BranchPoints />
            </Method>
          </Methods>
        </Class>
        <Class>
          <Summary numSequencePoints="8" visitedSequencePoints="8" numBranchPoints="0" visitedBranchPoints="0" sequenceCoverage="100.0" branchCoverage="0.0" maxCyclomaticComplexity="0" minCyclomaticComplexity="0" maxCrapScore="0" minCrapScore="0" visitedClasses="1" numClasses="1" visitedMethods="1" numMethods="1" />
          <FullName>WeaponTests/&lt;_14_ProjectileIgnoresCollisionWithSpaceship&gt;d__19</FullName>
          <Methods>
            <Method visited="true" cyclomaticComplexity="0" nPathComplexity="0" sequenceCoverage="100.0" branchCoverage="0" crapScore="0" isConstructor="false" isStatic="false" isGetter="false" isSetter="false">
              <Summary numSequencePoints="8" visitedSequencePoints="8" numBranchPoints="0" visitedBranchPoints="0" sequenceCoverage="100.0" branchCoverage="0" maxCyclomaticComplexity="0" minCyclomaticComplexity="0" maxCrapScore="0" minCrapScore="0" visitedClasses="0" numClasses="0" visitedMethods="1" numMethods="1" />
              <MetadataToken>100663668</MetadataToken>
              <Name>System.Boolean WeaponTests/&lt;_14_ProjectileIgnoresCollisionWithSpaceship&gt;d__19::MoveNext()</Name>
              <FileRef uid="120" />
              <SequencePoints>
                <SequencePoint vc="1" uspid="21420" ordinal="0" offset="45" sl="167" sc="5" el="167" ec="5" bec="0" bev="0" fileid="120" />
                <SequencePoint vc="1" uspid="21421" ordinal="0" offset="46" sl="168" sc="9" el="168" ec="9" bec="0" bev="0" fileid="120" />
                <SequencePoint vc="1" uspid="21422" ordinal="0" offset="58" sl="169" sc="9" el="169" ec="9" bec="0" bev="0" fileid="120" />
                <SequencePoint vc="1" uspid="21423" ordinal="0" offset="90" sl="170" sc="9" el="170" ec="9" bec="0" bev="0" fileid="120" />
                <SequencePoint vc="1" uspid="21424" ordinal="0" offset="122" sl="172" sc="9" el="172" ec="9" bec="0" bev="0" fileid="120" />
                <SequencePoint vc="1" uspid="21425" ordinal="0" offset="149" sl="173" sc="9" el="173" ec="9" bec="0" bev="0" fileid="120" />
                <SequencePoint vc="1" uspid="21426" ordinal="0" offset="172" sl="175" sc="9" el="175" ec="9" bec="0" bev="0" fileid="120" />
                <SequencePoint vc="1" uspid="21427" ordinal="0" offset="190" sl="176" sc="5" el="176" ec="5" bec="0" bev="0" fileid="120" />
              </SequencePoints>
              <BranchPoints />
            </Method>
          </Methods>
        </Class>
        <Class>
          <Summary numSequencePoints="9" visitedSequencePoints="9" numBranchPoints="0" visitedBranchPoints="0" sequenceCoverage="100.0" branchCoverage="0.0" maxCyclomaticComplexity="0" minCyclomaticComplexity="0" maxCrapScore="0" minCrapScore="0" visitedClasses="1" numClasses="1" visitedMethods="1" numMethods="1" />
          <FullName>WeaponTests/&lt;_15_ProjectileTriggersAsteroidSplit&gt;d__20</FullName>
          <Methods>
            <Method visited="true" cyclomaticComplexity="0" nPathComplexity="0" sequenceCoverage="100.0" branchCoverage="0" crapScore="0" isConstructor="false" isStatic="false" isGetter="false" isSetter="false">
              <Summary numSequencePoints="9" visitedSequencePoints="9" numBranchPoints="0" visitedBranchPoints="0" sequenceCoverage="100.0" branchCoverage="0" maxCyclomaticComplexity="0" minCyclomaticComplexity="0" maxCrapScore="0" minCrapScore="0" visitedClasses="0" numClasses="0" visitedMethods="1" numMethods="1" />
              <MetadataToken>100663674</MetadataToken>
              <Name>System.Boolean WeaponTests/&lt;_15_ProjectileTriggersAsteroidSplit&gt;d__20::MoveNext()</Name>
              <FileRef uid="120" />
              <SequencePoints>
                <SequencePoint vc="1" uspid="21428" ordinal="0" offset="42" sl="180" sc="5" el="180" ec="5" bec="0" bev="0" fileid="120" />
                <SequencePoint vc="1" uspid="21429" ordinal="0" offset="43" sl="181" sc="9" el="181" ec="9" bec="0" bev="0" fileid="120" />
                <SequencePoint vc="1" uspid="21430" ordinal="0" offset="55" sl="182" sc="9" el="182" ec="9" bec="0" bev="0" fileid="120" />
                <SequencePoint vc="1" uspid="21431" ordinal="0" offset="82" sl="183" sc="9" el="183" ec="9" bec="0" bev="0" fileid="120" />
                <SequencePoint vc="1" uspid="21432" ordinal="0" offset="109" sl="185" sc="9" el="185" ec="9" bec="0" bev="0" fileid="120" />
                <SequencePoint vc="1" uspid="21433" ordinal="0" offset="136" sl="186" sc="9" el="186" ec="9" bec="0" bev="0" fileid="120" />
                <SequencePoint vc="1" uspid="21434" ordinal="0" offset="159" sl="188" sc="9" el="188" ec="9" bec="0" bev="0" fileid="120" />
                <SequencePoint vc="1" uspid="21435" ordinal="0" offset="170" sl="189" sc="9" el="189" ec="9" bec="0" bev="0" fileid="120" />
                <SequencePoint vc="1" uspid="21436" ordinal="0" offset="187" sl="190" sc="6" el="190" ec="6" bec="0" bev="0" fileid="120" />
              </SequencePoints>
              <BranchPoints />
            </Method>
          </Methods>
        </Class>
        <Class>
          <Summary numSequencePoints="10" visitedSequencePoints="10" numBranchPoints="0" visitedBranchPoints="0" sequenceCoverage="100.0" branchCoverage="0.0" maxCyclomaticComplexity="0" minCyclomaticComplexity="0" maxCrapScore="0" minCrapScore="0" visitedClasses="1" numClasses="1" visitedMethods="1" numMethods="1" />
          <FullName>WeaponTests/&lt;_16_ProjectilesCannotSplitTheSameAsteroidTwice&gt;d__21</FullName>
          <Methods>
            <Method visited="true" cyclomaticComplexity="0" nPathComplexity="0" sequenceCoverage="100.0" branchCoverage="0" crapScore="0" isConstructor="false" isStatic="false" isGetter="false" isSetter="false">
              <Summary numSequencePoints="10" visitedSequencePoints="10" numBranchPoints="0" visitedBranchPoints="0" sequenceCoverage="100.0" branchCoverage="0" maxCyclomaticComplexity="0" minCyclomaticComplexity="0" maxCrapScore="0" minCrapScore="0" visitedClasses="0" numClasses="0" visitedMethods="1" numMethods="1" />
              <MetadataToken>100663680</MetadataToken>
              <Name>System.Boolean WeaponTests/&lt;_16_ProjectilesCannotSplitTheSameAsteroidTwice&gt;d__21::MoveNext()</Name>
              <FileRef uid="120" />
              <SequencePoints>
                <SequencePoint vc="1" uspid="21437" ordinal="0" offset="48" sl="195" sc="5" el="195" ec="5" bec="0" bev="0" fileid="120" />
                <SequencePoint vc="1" uspid="21438" ordinal="0" offset="49" sl="196" sc="9" el="196" ec="9" bec="0" bev="0" fileid="120" />
                <SequencePoint vc="1" uspid="21439" ordinal="0" offset="61" sl="197" sc="9" el="197" ec="9" bec="0" bev="0" fileid="120" />
                <SequencePoint vc="1" uspid="21440" ordinal="0" offset="88" sl="198" sc="9" el="198" ec="9" bec="0" bev="0" fileid="120" />
                <SequencePoint vc="1" uspid="21441" ordinal="0" offset="115" sl="199" sc="9" el="199" ec="9" bec="0" bev="0" fileid="120" />
                <SequencePoint vc="1" uspid="21442" ordinal="0" offset="142" sl="201" sc="9" el="201" ec="9" bec="0" bev="0" fileid="120" />
                <SequencePoint vc="1" uspid="21443" ordinal="0" offset="169" sl="202" sc="9" el="202" ec="9" bec="0" bev="0" fileid="120" />
                <SequencePoint vc="1" uspid="21444" ordinal="0" offset="192" sl="204" sc="9" el="204" ec="9" bec="0" bev="0" fileid="120" />
                <SequencePoint vc="1" uspid="21445" ordinal="0" offset="203" sl="205" sc="9" el="205" ec="9" bec="0" bev="0" fileid="120" />
                <SequencePoint vc="1" uspid="21446" ordinal="0" offset="220" sl="206" sc="5" el="206" ec="5" bec="0" bev="0" fileid="120" />
              </SequencePoints>
              <BranchPoints />
            </Method>
          </Methods>
        </Class>
        <Class>
          <Summary numSequencePoints="12" visitedSequencePoints="12" numBranchPoints="0" visitedBranchPoints="0" sequenceCoverage="100.0" branchCoverage="0.0" maxCyclomaticComplexity="0" minCyclomaticComplexity="0" maxCrapScore="0" minCrapScore="0" visitedClasses="1" numClasses="1" visitedMethods="1" numMethods="1" />
          <FullName>WeaponTests/&lt;_17_ProjectilesDontMoveDuringPause&gt;d__22</FullName>
          <Methods>
            <Method visited="true" cyclomaticComplexity="0" nPathComplexity="0" sequenceCoverage="100.0" branchCoverage="0" crapScore="0" isConstructor="false" isStatic="false" isGetter="false" isSetter="false">
              <Summary numSequencePoints="12" visitedSequencePoints="12" numBranchPoints="0" visitedBranchPoints="0" sequenceCoverage="100.0" branchCoverage="0" maxCyclomaticComplexity="0" minCyclomaticComplexity="0" maxCrapScore="0" minCrapScore="0" visitedClasses="0" numClasses="0" visitedMethods="1" numMethods="1" />
              <MetadataToken>100663686</MetadataToken>
              <Name>System.Boolean WeaponTests/&lt;_17_ProjectilesDontMoveDuringPause&gt;d__22::MoveNext()</Name>
              <FileRef uid="120" />
              <SequencePoints>
                <SequencePoint vc="1" uspid="21447" ordinal="0" offset="34" sl="211" sc="5" el="211" ec="5" bec="0" bev="0" fileid="120" />
                <SequencePoint vc="1" uspid="21448" ordinal="0" offset="35" sl="212" sc="9" el="212" ec="9" bec="0" bev="0" fileid="120" />
                <SequencePoint vc="1" uspid="21449" ordinal="0" offset="47" sl="213" sc="9" el="213" ec="9" bec="0" bev="0" fileid="120" />
                <SequencePoint vc="1" uspid="21450" ordinal="0" offset="84" sl="214" sc="9" el="214" ec="9" bec="0" bev="0" fileid="120" />
                <SequencePoint vc="1" uspid="21451" ordinal="0" offset="101" sl="215" sc="9" el="215" ec="9" bec="0" bev="0" fileid="120" />
                <SequencePoint vc="1" uspid="21452" ordinal="0" offset="123" sl="216" sc="9" el="216" ec="9" bec="0" bev="0" fileid="120" />
                <SequencePoint vc="1" uspid="21453" ordinal="0" offset="130" sl="218" sc="14" el="218" ec="14" bec="0" bev="0" fileid="120" />
                <SequencePoint vc="10" uspid="21454" ordinal="0" offset="139" sl="219" sc="13" el="219" ec="13" bec="0" bev="0" fileid="120" />
                <SequencePoint vc="10" uspid="21455" ordinal="0" offset="162" sl="218" sc="33" el="218" ec="33" bec="0" bev="0" fileid="120" />
                <SequencePoint vc="11" uspid="21456" ordinal="0" offset="178" sl="218" sc="25" el="218" ec="25" bec="0" bev="0" fileid="120" />
                <SequencePoint vc="1" uspid="21457" ordinal="0" offset="192" sl="221" sc="9" el="221" ec="9" bec="0" bev="0" fileid="120" />
                <SequencePoint vc="1" uspid="21458" ordinal="0" offset="225" sl="222" sc="5" el="222" ec="5" bec="0" bev="0" fileid="120" />
              </SequencePoints>
              <BranchPoints />
            </Method>
          </Methods>
        </Class>
        <Class>
          <Summary numSequencePoints="9" visitedSequencePoints="9" numBranchPoints="0" visitedBranchPoints="0" sequenceCoverage="100.0" branchCoverage="0.0" maxCyclomaticComplexity="0" minCyclomaticComplexity="0" maxCrapScore="0" minCrapScore="0" visitedClasses="1" numClasses="1" visitedMethods="1" numMethods="1" />
          <FullName>WeaponTests/&lt;_18_LaserFiresSuccessfully&gt;d__23</FullName>
          <Methods>
            <Method visited="true" cyclomaticComplexity="0" nPathComplexity="0" sequenceCoverage="100.0" branchCoverage="0" crapScore="0" isConstructor="false" isStatic="false" isGetter="false" isSetter="false">
              <Summary numSequencePoints="9" visitedSequencePoints="9" numBranchPoints="0" visitedBranchPoints="0" sequenceCoverage="100.0" branchCoverage="0" maxCyclomaticComplexity="0" minCyclomaticComplexity="0" maxCrapScore="0" minCrapScore="0" visitedClasses="0" numClasses="0" visitedMethods="1" numMethods="1" />
              <MetadataToken>100663692</MetadataToken>
              <Name>System.Boolean WeaponTests/&lt;_18_LaserFiresSuccessfully&gt;d__23::MoveNext()</Name>
              <FileRef uid="120" />
              <SequencePoints>
                <SequencePoint vc="1" uspid="21459" ordinal="0" offset="31" sl="226" sc="5" el="226" ec="5" bec="0" bev="0" fileid="120" />
                <SequencePoint vc="1" uspid="21460" ordinal="0" offset="32" sl="227" sc="9" el="227" ec="9" bec="0" bev="0" fileid="120" />
                <SequencePoint vc="1" uspid="21461" ordinal="0" offset="44" sl="228" sc="9" el="228" ec="9" bec="0" bev="0" fileid="120" />
                <SequencePoint vc="1" uspid="21462" ordinal="0" offset="71" sl="229" sc="9" el="229" ec="9" bec="0" bev="0" fileid="120" />
                <SequencePoint vc="1" uspid="21463" ordinal="0" offset="83" sl="230" sc="9" el="230" ec="9" bec="0" bev="0" fileid="120" />
                <SequencePoint vc="1" uspid="21464" ordinal="0" offset="96" sl="232" sc="9" el="232" ec="9" bec="0" bev="0" fileid="120" />
                <SequencePoint vc="1" uspid="21465" ordinal="0" offset="119" sl="234" sc="9" el="234" ec="9" bec="0" bev="0" fileid="120" />
                <SequencePoint vc="1" uspid="21466" ordinal="0" offset="130" sl="235" sc="9" el="235" ec="9" bec="0" bev="0" fileid="120" />
                <SequencePoint vc="1" uspid="21467" ordinal="0" offset="142" sl="236" sc="5" el="236" ec="5" bec="0" bev="0" fileid="120" />
              </SequencePoints>
              <BranchPoints />
            </Method>
          </Methods>
        </Class>
      </Classes>
    </Module>
  </Modules>
</CoverageSession>